<!DOCTYPE HTML PUBLIC "-//W3C//DTD HTML 4.01 Transitional//EN" "http://www.w3.org/TR/html4/loose.dtd">
<html>
<head>
<title>Execution Log</title>
<style type="text/css">
<!--
body, table {font-family: arial,sans-serif; font-size: x-small;}
th {background: #336699; color: #FFFFFF; text-align: left;}
-->
</style>
</head>
<body bgcolor="#FFFFFF" topmargin="6" leftmargin="6">
<hr size="1" noshade>
Log session start time Tue May 12 13:38:56 IST 2020<br>
<br>
<table cellspacing="0" cellpadding="4" border="1" bordercolor="#224466" width="100%">
<tr>
<th>Time</th>
<th>Thread</th>
<th>Level</th>
<th>Category</th>
<th>Message</th>
</tr>

<tr>
<td>0</td>
<td title="PetstoreAPITest_testPetstoreAddPet thread">PetstoreAPITest_testPetstoreAddPet</td>
<td title="Level">INFO</td>
<td title="supportFiles.TestListener category">supportFiles.TestListener</td>
<td title="Message">Test [testPetstoreAddPet] has started</td>
</tr>

<tr>
<td>6061</td>
<td title="PetstoreAPITest_testPetstoreAddPet thread">PetstoreAPITest_testPetstoreAddPet</td>
<td title="Level"><font color="#993300"><strong>FATAL</strong></font></td>
<td title="PetstoreAPITest category">PetstoreAPITest</td>
<td title="Message">java.lang.NullPointerException</td>
</tr>

<tr>
<td>6067</td>
<td title="PetstoreAPITest_testPetstoreAddPet thread">PetstoreAPITest_testPetstoreAddPet</td>
<td title="Level"><font color="#993300"><strong>FATAL</strong></font></td>
<td title="PetstoreAPITest category">PetstoreAPITest</td>
<td title="Message">java.lang.NullPointerException</td>
</tr>

<tr>
<td>6878</td>
<td title="PetstoreAPITest_testPetstoreAddPet thread">PetstoreAPITest_testPetstoreAddPet</td>
<td title="Level"><font color="#993300"><strong>FATAL</strong></font></td>
<td title="supportFiles.TestListener category">supportFiles.TestListener</td>
<td title="Message">Test [testPetstoreAddPet] has failed</td>
</tr>
<tr><td bgcolor="#993300" style="color:White; font-size : xx-small;" colspan="6">java.lang.AssertionError: null
<br>&nbsp;&nbsp;&nbsp;&nbsp;	at org.testng.Assert.fail(Assert.java:94)
<br>&nbsp;&nbsp;&nbsp;&nbsp;	at supportFiles.LOG.report_ERROR(LOG.java:111)
<br>&nbsp;&nbsp;&nbsp;&nbsp;	at supportFiles.TestListener.onTestFailure(TestListener.java:68)
<br>&nbsp;&nbsp;&nbsp;&nbsp;	at org.testng.internal.Invoker.runTestListeners(Invoker.java:1686)
<br>&nbsp;&nbsp;&nbsp;&nbsp;	at org.testng.internal.Invoker.runTestListeners(Invoker.java:1670)
<br>&nbsp;&nbsp;&nbsp;&nbsp;	at org.testng.internal.Invoker.invokeMethod(Invoker.java:696)
<br>&nbsp;&nbsp;&nbsp;&nbsp;	at org.testng.internal.Invoker.invokeTestMethod(Invoker.java:816)
<br>&nbsp;&nbsp;&nbsp;&nbsp;	at org.testng.internal.Invoker.invokeTestMethods(Invoker.java:1124)
<br>&nbsp;&nbsp;&nbsp;&nbsp;	at org.testng.internal.TestMethodWorker.invokeTestMethods(TestMethodWorker.java:125)
<br>&nbsp;&nbsp;&nbsp;&nbsp;	at org.testng.internal.TestMethodWorker.run(TestMethodWorker.java:108)
<br>&nbsp;&nbsp;&nbsp;&nbsp;	at java.util.concurrent.ThreadPoolExecutor.runWorker(ThreadPoolExecutor.java:1149)
<br>&nbsp;&nbsp;&nbsp;&nbsp;	at java.util.concurrent.ThreadPoolExecutor$Worker.run(ThreadPoolExecutor.java:624)
<br>&nbsp;&nbsp;&nbsp;&nbsp;	at java.lang.Thread.run(Thread.java:748)
</td></tr>
<!DOCTYPE HTML PUBLIC "-//W3C//DTD HTML 4.01 Transitional//EN" "http://www.w3.org/TR/html4/loose.dtd">
<html>
<head>
<title>Execution Log</title>
<style type="text/css">
<!--
body, table {font-family: arial,sans-serif; font-size: x-small;}
th {background: #336699; color: #FFFFFF; text-align: left;}
-->
</style>
</head>
<body bgcolor="#FFFFFF" topmargin="6" leftmargin="6">
<hr size="1" noshade>
Log session start time Tue May 12 14:31:49 IST 2020<br>
<br>
<table cellspacing="0" cellpadding="4" border="1" bordercolor="#224466" width="100%">
<tr>
<th>Time</th>
<th>Thread</th>
<th>Level</th>
<th>Category</th>
<th>Message</th>
</tr>

<tr>
<td>0</td>
<td title="PetstoreAPITest_testPetstoreAddPet thread">PetstoreAPITest_testPetstoreAddPet</td>
<td title="Level">INFO</td>
<td title="supportFiles.TestListener category">supportFiles.TestListener</td>
<td title="Message">Test [testPetstoreAddPet] has started</td>
</tr>

<tr>
<td>2514</td>
<td title="PetstoreAPITest_testPetstoreAddPet thread">PetstoreAPITest_testPetstoreAddPet</td>
<td title="Level"><font color="#993300"><strong>FATAL</strong></font></td>
<td title="PetstoreAPITest category">PetstoreAPITest</td>
<td title="Message">java.lang.NumberFormatException: For input string: &quot;100.0&quot;</td>
</tr>

<tr>
<td>2515</td>
<td title="PetstoreAPITest_testPetstoreAddPet thread">PetstoreAPITest_testPetstoreAddPet</td>
<td title="Level"><font color="#993300"><strong>FATAL</strong></font></td>
<td title="PetstoreAPITest category">PetstoreAPITest</td>
<td title="Message">java.lang.NumberFormatException: For input string: &quot;100.0&quot;</td>
</tr>

<tr>
<td>2669</td>
<td title="PetstoreAPITest_testPetstoreAddPet thread">PetstoreAPITest_testPetstoreAddPet</td>
<td title="Level"><font color="#993300"><strong>FATAL</strong></font></td>
<td title="supportFiles.TestListener category">supportFiles.TestListener</td>
<td title="Message">Test [testPetstoreAddPet] has failed</td>
</tr>
<tr><td bgcolor="#993300" style="color:White; font-size : xx-small;" colspan="6">java.lang.AssertionError: For input string: &quot;100.0&quot;
<br>&nbsp;&nbsp;&nbsp;&nbsp;	at org.testng.Assert.fail(Assert.java:94)
<br>&nbsp;&nbsp;&nbsp;&nbsp;	at supportFiles.LOG.report_ERROR(LOG.java:111)
<br>&nbsp;&nbsp;&nbsp;&nbsp;	at testFiles.PetstoreAPITest.testPetstoreAddPet(PetstoreAPITest.java:63)
<br>&nbsp;&nbsp;&nbsp;&nbsp;	at sun.reflect.NativeMethodAccessorImpl.invoke0(Native Method)
<br>&nbsp;&nbsp;&nbsp;&nbsp;	at sun.reflect.NativeMethodAccessorImpl.invoke(NativeMethodAccessorImpl.java:62)
<br>&nbsp;&nbsp;&nbsp;&nbsp;	at sun.reflect.DelegatingMethodAccessorImpl.invoke(DelegatingMethodAccessorImpl.java:43)
<br>&nbsp;&nbsp;&nbsp;&nbsp;	at java.lang.reflect.Method.invoke(Method.java:498)
<br>&nbsp;&nbsp;&nbsp;&nbsp;	at org.testng.internal.MethodInvocationHelper.invokeMethod(MethodInvocationHelper.java:85)
<br>&nbsp;&nbsp;&nbsp;&nbsp;	at org.testng.internal.Invoker.invokeMethod(Invoker.java:639)
<br>&nbsp;&nbsp;&nbsp;&nbsp;	at org.testng.internal.Invoker.invokeTestMethod(Invoker.java:816)
<br>&nbsp;&nbsp;&nbsp;&nbsp;	at org.testng.internal.Invoker.invokeTestMethods(Invoker.java:1124)
<br>&nbsp;&nbsp;&nbsp;&nbsp;	at org.testng.internal.TestMethodWorker.invokeTestMethods(TestMethodWorker.java:125)
<br>&nbsp;&nbsp;&nbsp;&nbsp;	at org.testng.internal.TestMethodWorker.run(TestMethodWorker.java:108)
<br>&nbsp;&nbsp;&nbsp;&nbsp;	at java.util.concurrent.ThreadPoolExecutor.runWorker(ThreadPoolExecutor.java:1149)
<br>&nbsp;&nbsp;&nbsp;&nbsp;	at java.util.concurrent.ThreadPoolExecutor$Worker.run(ThreadPoolExecutor.java:624)
<br>&nbsp;&nbsp;&nbsp;&nbsp;	at java.lang.Thread.run(Thread.java:748)
</td></tr>

<tr>
<td>2730</td>
<td title="PetstoreAPITest_testPetstoreDeleteRecord thread">PetstoreAPITest_testPetstoreDeleteRecord</td>
<td title="Level">INFO</td>
<td title="supportFiles.TestListener category">supportFiles.TestListener</td>
<td title="Message">Test [testPetstoreDeleteRecord] has started</td>
</tr>

<tr>
<td>2870</td>
<td title="PetstoreAPITest_testPetstoreDeleteRecord thread">PetstoreAPITest_testPetstoreDeleteRecord</td>
<td title="Level"><font color="#993300"><strong>FATAL</strong></font></td>
<td title="PetstoreAPITest category">PetstoreAPITest</td>
<td title="Message">java.lang.NumberFormatException: For input string: &quot;100.0&quot;</td>
</tr>

<tr>
<td>2877</td>
<td title="PetstoreAPITest_testPetstoreDeleteRecord thread">PetstoreAPITest_testPetstoreDeleteRecord</td>
<td title="Level"><font color="#993300"><strong>FATAL</strong></font></td>
<td title="PetstoreAPITest category">PetstoreAPITest</td>
<td title="Message">java.lang.NumberFormatException: For input string: &quot;100.0&quot;</td>
</tr>

<tr>
<td>2904</td>
<td title="PetstoreAPITest_testPetstoreDeleteRecord thread">PetstoreAPITest_testPetstoreDeleteRecord</td>
<td title="Level"><font color="#993300"><strong>FATAL</strong></font></td>
<td title="supportFiles.TestListener category">supportFiles.TestListener</td>
<td title="Message">Test [testPetstoreDeleteRecord] has failed</td>
</tr>
<tr><td bgcolor="#993300" style="color:White; font-size : xx-small;" colspan="6">java.lang.AssertionError: For input string: &quot;100.0&quot;
<br>&nbsp;&nbsp;&nbsp;&nbsp;	at org.testng.Assert.fail(Assert.java:94)
<br>&nbsp;&nbsp;&nbsp;&nbsp;	at supportFiles.LOG.report_ERROR(LOG.java:111)
<br>&nbsp;&nbsp;&nbsp;&nbsp;	at testFiles.PetstoreAPITest.testPetstoreDeleteRecord(PetstoreAPITest.java:218)
<br>&nbsp;&nbsp;&nbsp;&nbsp;	at sun.reflect.NativeMethodAccessorImpl.invoke0(Native Method)
<br>&nbsp;&nbsp;&nbsp;&nbsp;	at sun.reflect.NativeMethodAccessorImpl.invoke(NativeMethodAccessorImpl.java:62)
<br>&nbsp;&nbsp;&nbsp;&nbsp;	at sun.reflect.DelegatingMethodAccessorImpl.invoke(DelegatingMethodAccessorImpl.java:43)
<br>&nbsp;&nbsp;&nbsp;&nbsp;	at java.lang.reflect.Method.invoke(Method.java:498)
<br>&nbsp;&nbsp;&nbsp;&nbsp;	at org.testng.internal.MethodInvocationHelper.invokeMethod(MethodInvocationHelper.java:85)
<br>&nbsp;&nbsp;&nbsp;&nbsp;	at org.testng.internal.Invoker.invokeMethod(Invoker.java:639)
<br>&nbsp;&nbsp;&nbsp;&nbsp;	at org.testng.internal.Invoker.invokeTestMethod(Invoker.java:816)
<br>&nbsp;&nbsp;&nbsp;&nbsp;	at org.testng.internal.Invoker.invokeTestMethods(Invoker.java:1124)
<br>&nbsp;&nbsp;&nbsp;&nbsp;	at org.testng.internal.TestMethodWorker.invokeTestMethods(TestMethodWorker.java:125)
<br>&nbsp;&nbsp;&nbsp;&nbsp;	at org.testng.internal.TestMethodWorker.run(TestMethodWorker.java:108)
<br>&nbsp;&nbsp;&nbsp;&nbsp;	at java.util.concurrent.ThreadPoolExecutor.runWorker(ThreadPoolExecutor.java:1149)
<br>&nbsp;&nbsp;&nbsp;&nbsp;	at java.util.concurrent.ThreadPoolExecutor$Worker.run(ThreadPoolExecutor.java:624)
<br>&nbsp;&nbsp;&nbsp;&nbsp;	at java.lang.Thread.run(Thread.java:748)
</td></tr>

<tr>
<td>2921</td>
<td title="PetstoreAPITest_testPetstoreFindByID thread">PetstoreAPITest_testPetstoreFindByID</td>
<td title="Level">INFO</td>
<td title="supportFiles.TestListener category">supportFiles.TestListener</td>
<td title="Message">Test [testPetstoreFindByID] has started</td>
</tr>

<tr>
<td>3054</td>
<td title="PetstoreAPITest_testPetstoreFindByID thread">PetstoreAPITest_testPetstoreFindByID</td>
<td title="Level"><font color="#993300"><strong>FATAL</strong></font></td>
<td title="PetstoreAPITest category">PetstoreAPITest</td>
<td title="Message">java.lang.NumberFormatException: For input string: &quot;100.0&quot;</td>
</tr>

<tr>
<td>3098</td>
<td title="PetstoreAPITest_testPetstoreFindByID thread">PetstoreAPITest_testPetstoreFindByID</td>
<td title="Level"><font color="#993300"><strong>FATAL</strong></font></td>
<td title="PetstoreAPITest category">PetstoreAPITest</td>
<td title="Message">java.lang.NumberFormatException: For input string: &quot;100.0&quot;</td>
</tr>

<tr>
<td>3192</td>
<td title="PetstoreAPITest_testPetstoreFindByID thread">PetstoreAPITest_testPetstoreFindByID</td>
<td title="Level"><font color="#993300"><strong>FATAL</strong></font></td>
<td title="supportFiles.TestListener category">supportFiles.TestListener</td>
<td title="Message">Test [testPetstoreFindByID] has failed</td>
</tr>
<tr><td bgcolor="#993300" style="color:White; font-size : xx-small;" colspan="6">java.lang.AssertionError: For input string: &quot;100.0&quot;
<br>&nbsp;&nbsp;&nbsp;&nbsp;	at org.testng.Assert.fail(Assert.java:94)
<br>&nbsp;&nbsp;&nbsp;&nbsp;	at supportFiles.LOG.report_ERROR(LOG.java:111)
<br>&nbsp;&nbsp;&nbsp;&nbsp;	at testFiles.PetstoreAPITest.testPetstoreFindByID(PetstoreAPITest.java:150)
<br>&nbsp;&nbsp;&nbsp;&nbsp;	at sun.reflect.NativeMethodAccessorImpl.invoke0(Native Method)
<br>&nbsp;&nbsp;&nbsp;&nbsp;	at sun.reflect.NativeMethodAccessorImpl.invoke(NativeMethodAccessorImpl.java:62)
<br>&nbsp;&nbsp;&nbsp;&nbsp;	at sun.reflect.DelegatingMethodAccessorImpl.invoke(DelegatingMethodAccessorImpl.java:43)
<br>&nbsp;&nbsp;&nbsp;&nbsp;	at java.lang.reflect.Method.invoke(Method.java:498)
<br>&nbsp;&nbsp;&nbsp;&nbsp;	at org.testng.internal.MethodInvocationHelper.invokeMethod(MethodInvocationHelper.java:85)
<br>&nbsp;&nbsp;&nbsp;&nbsp;	at org.testng.internal.Invoker.invokeMethod(Invoker.java:639)
<br>&nbsp;&nbsp;&nbsp;&nbsp;	at org.testng.internal.Invoker.invokeTestMethod(Invoker.java:816)
<br>&nbsp;&nbsp;&nbsp;&nbsp;	at org.testng.internal.Invoker.invokeTestMethods(Invoker.java:1124)
<br>&nbsp;&nbsp;&nbsp;&nbsp;	at org.testng.internal.TestMethodWorker.invokeTestMethods(TestMethodWorker.java:125)
<br>&nbsp;&nbsp;&nbsp;&nbsp;	at org.testng.internal.TestMethodWorker.run(TestMethodWorker.java:108)
<br>&nbsp;&nbsp;&nbsp;&nbsp;	at java.util.concurrent.ThreadPoolExecutor.runWorker(ThreadPoolExecutor.java:1149)
<br>&nbsp;&nbsp;&nbsp;&nbsp;	at java.util.concurrent.ThreadPoolExecutor$Worker.run(ThreadPoolExecutor.java:624)
<br>&nbsp;&nbsp;&nbsp;&nbsp;	at java.lang.Thread.run(Thread.java:748)
</td></tr>

<tr>
<td>3221</td>
<td title="PetstoreAPITest_testPetstoreFindByStatus thread">PetstoreAPITest_testPetstoreFindByStatus</td>
<td title="Level">INFO</td>
<td title="supportFiles.TestListener category">supportFiles.TestListener</td>
<td title="Message">Test [testPetstoreFindByStatus] has started</td>
</tr>

<tr>
<td>3303</td>
<td title="PetstoreAPITest_testPetstoreFindByStatus thread">PetstoreAPITest_testPetstoreFindByStatus</td>
<td title="Level"><font color="#993300"><strong>FATAL</strong></font></td>
<td title="PetstoreAPITest category">PetstoreAPITest</td>
<td title="Message">java.lang.NumberFormatException: For input string: &quot;available&quot;</td>
</tr>

<tr>
<td>3306</td>
<td title="PetstoreAPITest_testPetstoreFindByStatus thread">PetstoreAPITest_testPetstoreFindByStatus</td>
<td title="Level"><font color="#993300"><strong>FATAL</strong></font></td>
<td title="PetstoreAPITest category">PetstoreAPITest</td>
<td title="Message">java.lang.NumberFormatException: For input string: &quot;available&quot;</td>
</tr>

<tr>
<td>3344</td>
<td title="PetstoreAPITest_testPetstoreFindByStatus thread">PetstoreAPITest_testPetstoreFindByStatus</td>
<td title="Level"><font color="#993300"><strong>FATAL</strong></font></td>
<td title="supportFiles.TestListener category">supportFiles.TestListener</td>
<td title="Message">Test [testPetstoreFindByStatus] has failed</td>
</tr>
<tr><td bgcolor="#993300" style="color:White; font-size : xx-small;" colspan="6">java.lang.AssertionError: For input string: &quot;available&quot;
<br>&nbsp;&nbsp;&nbsp;&nbsp;	at org.testng.Assert.fail(Assert.java:94)
<br>&nbsp;&nbsp;&nbsp;&nbsp;	at supportFiles.LOG.report_ERROR(LOG.java:111)
<br>&nbsp;&nbsp;&nbsp;&nbsp;	at testFiles.PetstoreAPITest.testPetstoreFindByStatus(PetstoreAPITest.java:128)
<br>&nbsp;&nbsp;&nbsp;&nbsp;	at sun.reflect.NativeMethodAccessorImpl.invoke0(Native Method)
<br>&nbsp;&nbsp;&nbsp;&nbsp;	at sun.reflect.NativeMethodAccessorImpl.invoke(NativeMethodAccessorImpl.java:62)
<br>&nbsp;&nbsp;&nbsp;&nbsp;	at sun.reflect.DelegatingMethodAccessorImpl.invoke(DelegatingMethodAccessorImpl.java:43)
<br>&nbsp;&nbsp;&nbsp;&nbsp;	at java.lang.reflect.Method.invoke(Method.java:498)
<br>&nbsp;&nbsp;&nbsp;&nbsp;	at org.testng.internal.MethodInvocationHelper.invokeMethod(MethodInvocationHelper.java:85)
<br>&nbsp;&nbsp;&nbsp;&nbsp;	at org.testng.internal.Invoker.invokeMethod(Invoker.java:639)
<br>&nbsp;&nbsp;&nbsp;&nbsp;	at org.testng.internal.Invoker.invokeTestMethod(Invoker.java:816)
<br>&nbsp;&nbsp;&nbsp;&nbsp;	at org.testng.internal.Invoker.invokeTestMethods(Invoker.java:1124)
<br>&nbsp;&nbsp;&nbsp;&nbsp;	at org.testng.internal.TestMethodWorker.invokeTestMethods(TestMethodWorker.java:125)
<br>&nbsp;&nbsp;&nbsp;&nbsp;	at org.testng.internal.TestMethodWorker.run(TestMethodWorker.java:108)
<br>&nbsp;&nbsp;&nbsp;&nbsp;	at java.util.concurrent.ThreadPoolExecutor.runWorker(ThreadPoolExecutor.java:1149)
<br>&nbsp;&nbsp;&nbsp;&nbsp;	at java.util.concurrent.ThreadPoolExecutor$Worker.run(ThreadPoolExecutor.java:624)
<br>&nbsp;&nbsp;&nbsp;&nbsp;	at java.lang.Thread.run(Thread.java:748)
</td></tr>

<tr>
<td>3453</td>
<td title="PetstoreAPITest_testPetstorePostUpdate thread">PetstoreAPITest_testPetstorePostUpdate</td>
<td title="Level">INFO</td>
<td title="supportFiles.TestListener category">supportFiles.TestListener</td>
<td title="Message">Test [testPetstorePostUpdate] has started</td>
</tr>

<tr>
<td>3627</td>
<td title="PetstoreAPITest_testPetstorePostUpdate thread">PetstoreAPITest_testPetstorePostUpdate</td>
<td title="Level"><font color="#993300"><strong>FATAL</strong></font></td>
<td title="PetstoreAPITest category">PetstoreAPITest</td>
<td title="Message">java.lang.NumberFormatException: For input string: &quot;100.0&quot;</td>
</tr>

<tr>
<td>3629</td>
<td title="PetstoreAPITest_testPetstorePostUpdate thread">PetstoreAPITest_testPetstorePostUpdate</td>
<td title="Level"><font color="#993300"><strong>FATAL</strong></font></td>
<td title="PetstoreAPITest category">PetstoreAPITest</td>
<td title="Message">java.lang.NumberFormatException: For input string: &quot;100.0&quot;</td>
</tr>

<tr>
<td>3699</td>
<td title="PetstoreAPITest_testPetstorePostUpdate thread">PetstoreAPITest_testPetstorePostUpdate</td>
<td title="Level"><font color="#993300"><strong>FATAL</strong></font></td>
<td title="supportFiles.TestListener category">supportFiles.TestListener</td>
<td title="Message">Test [testPetstorePostUpdate] has failed</td>
</tr>
<tr><td bgcolor="#993300" style="color:White; font-size : xx-small;" colspan="6">java.lang.AssertionError: For input string: &quot;100.0&quot;
<br>&nbsp;&nbsp;&nbsp;&nbsp;	at org.testng.Assert.fail(Assert.java:94)
<br>&nbsp;&nbsp;&nbsp;&nbsp;	at supportFiles.LOG.report_ERROR(LOG.java:111)
<br>&nbsp;&nbsp;&nbsp;&nbsp;	at testFiles.PetstoreAPITest.testPetstorePostUpdate(PetstoreAPITest.java:193)
<br>&nbsp;&nbsp;&nbsp;&nbsp;	at sun.reflect.NativeMethodAccessorImpl.invoke0(Native Method)
<br>&nbsp;&nbsp;&nbsp;&nbsp;	at sun.reflect.NativeMethodAccessorImpl.invoke(NativeMethodAccessorImpl.java:62)
<br>&nbsp;&nbsp;&nbsp;&nbsp;	at sun.reflect.DelegatingMethodAccessorImpl.invoke(DelegatingMethodAccessorImpl.java:43)
<br>&nbsp;&nbsp;&nbsp;&nbsp;	at java.lang.reflect.Method.invoke(Method.java:498)
<br>&nbsp;&nbsp;&nbsp;&nbsp;	at org.testng.internal.MethodInvocationHelper.invokeMethod(MethodInvocationHelper.java:85)
<br>&nbsp;&nbsp;&nbsp;&nbsp;	at org.testng.internal.Invoker.invokeMethod(Invoker.java:639)
<br>&nbsp;&nbsp;&nbsp;&nbsp;	at org.testng.internal.Invoker.invokeTestMethod(Invoker.java:816)
<br>&nbsp;&nbsp;&nbsp;&nbsp;	at org.testng.internal.Invoker.invokeTestMethods(Invoker.java:1124)
<br>&nbsp;&nbsp;&nbsp;&nbsp;	at org.testng.internal.TestMethodWorker.invokeTestMethods(TestMethodWorker.java:125)
<br>&nbsp;&nbsp;&nbsp;&nbsp;	at org.testng.internal.TestMethodWorker.run(TestMethodWorker.java:108)
<br>&nbsp;&nbsp;&nbsp;&nbsp;	at java.util.concurrent.ThreadPoolExecutor.runWorker(ThreadPoolExecutor.java:1149)
<br>&nbsp;&nbsp;&nbsp;&nbsp;	at java.util.concurrent.ThreadPoolExecutor$Worker.run(ThreadPoolExecutor.java:624)
<br>&nbsp;&nbsp;&nbsp;&nbsp;	at java.lang.Thread.run(Thread.java:748)
</td></tr>

<tr>
<td>3746</td>
<td title="PetstoreAPITest_testPetstoreUpdatePet thread">PetstoreAPITest_testPetstoreUpdatePet</td>
<td title="Level">INFO</td>
<td title="supportFiles.TestListener category">supportFiles.TestListener</td>
<td title="Message">Test [testPetstoreUpdatePet] has started</td>
</tr>

<tr>
<td>3827</td>
<td title="PetstoreAPITest_testPetstoreUpdatePet thread">PetstoreAPITest_testPetstoreUpdatePet</td>
<td title="Level"><font color="#993300"><strong>FATAL</strong></font></td>
<td title="PetstoreAPITest category">PetstoreAPITest</td>
<td title="Message">java.lang.NumberFormatException: For input string: &quot;100.0&quot;</td>
</tr>

<tr>
<td>3828</td>
<td title="PetstoreAPITest_testPetstoreUpdatePet thread">PetstoreAPITest_testPetstoreUpdatePet</td>
<td title="Level"><font color="#993300"><strong>FATAL</strong></font></td>
<td title="PetstoreAPITest category">PetstoreAPITest</td>
<td title="Message">java.lang.NumberFormatException: For input string: &quot;100.0&quot;</td>
</tr>

<tr>
<td>3878</td>
<td title="PetstoreAPITest_testPetstoreUpdatePet thread">PetstoreAPITest_testPetstoreUpdatePet</td>
<td title="Level"><font color="#993300"><strong>FATAL</strong></font></td>
<td title="supportFiles.TestListener category">supportFiles.TestListener</td>
<td title="Message">Test [testPetstoreUpdatePet] has failed</td>
</tr>
<tr><td bgcolor="#993300" style="color:White; font-size : xx-small;" colspan="6">java.lang.AssertionError: For input string: &quot;100.0&quot;
<br>&nbsp;&nbsp;&nbsp;&nbsp;	at org.testng.Assert.fail(Assert.java:94)
<br>&nbsp;&nbsp;&nbsp;&nbsp;	at supportFiles.LOG.report_ERROR(LOG.java:111)
<br>&nbsp;&nbsp;&nbsp;&nbsp;	at testFiles.PetstoreAPITest.testPetstoreUpdatePet(PetstoreAPITest.java:106)
<br>&nbsp;&nbsp;&nbsp;&nbsp;	at sun.reflect.NativeMethodAccessorImpl.invoke0(Native Method)
<br>&nbsp;&nbsp;&nbsp;&nbsp;	at sun.reflect.NativeMethodAccessorImpl.invoke(NativeMethodAccessorImpl.java:62)
<br>&nbsp;&nbsp;&nbsp;&nbsp;	at sun.reflect.DelegatingMethodAccessorImpl.invoke(DelegatingMethodAccessorImpl.java:43)
<br>&nbsp;&nbsp;&nbsp;&nbsp;	at java.lang.reflect.Method.invoke(Method.java:498)
<br>&nbsp;&nbsp;&nbsp;&nbsp;	at org.testng.internal.MethodInvocationHelper.invokeMethod(MethodInvocationHelper.java:85)
<br>&nbsp;&nbsp;&nbsp;&nbsp;	at org.testng.internal.Invoker.invokeMethod(Invoker.java:639)
<br>&nbsp;&nbsp;&nbsp;&nbsp;	at org.testng.internal.Invoker.invokeTestMethod(Invoker.java:816)
<br>&nbsp;&nbsp;&nbsp;&nbsp;	at org.testng.internal.Invoker.invokeTestMethods(Invoker.java:1124)
<br>&nbsp;&nbsp;&nbsp;&nbsp;	at org.testng.internal.TestMethodWorker.invokeTestMethods(TestMethodWorker.java:125)
<br>&nbsp;&nbsp;&nbsp;&nbsp;	at org.testng.internal.TestMethodWorker.run(TestMethodWorker.java:108)
<br>&nbsp;&nbsp;&nbsp;&nbsp;	at java.util.concurrent.ThreadPoolExecutor.runWorker(ThreadPoolExecutor.java:1149)
<br>&nbsp;&nbsp;&nbsp;&nbsp;	at java.util.concurrent.ThreadPoolExecutor$Worker.run(ThreadPoolExecutor.java:624)
<br>&nbsp;&nbsp;&nbsp;&nbsp;	at java.lang.Thread.run(Thread.java:748)
</td></tr>
<!DOCTYPE HTML PUBLIC "-//W3C//DTD HTML 4.01 Transitional//EN" "http://www.w3.org/TR/html4/loose.dtd">
<html>
<head>
<title>Execution Log</title>
<style type="text/css">
<!--
body, table {font-family: arial,sans-serif; font-size: x-small;}
th {background: #336699; color: #FFFFFF; text-align: left;}
-->
</style>
</head>
<body bgcolor="#FFFFFF" topmargin="6" leftmargin="6">
<hr size="1" noshade>
Log session start time Tue May 12 14:32:24 IST 2020<br>
<br>
<table cellspacing="0" cellpadding="4" border="1" bordercolor="#224466" width="100%">
<tr>
<th>Time</th>
<th>Thread</th>
<th>Level</th>
<th>Category</th>
<th>Message</th>
</tr>

<tr>
<td>0</td>
<td title="PetstoreAPITest_testPetstoreAddPet thread">PetstoreAPITest_testPetstoreAddPet</td>
<td title="Level">INFO</td>
<td title="supportFiles.TestListener category">supportFiles.TestListener</td>
<td title="Message">Test [testPetstoreAddPet] has started</td>
</tr>

<tr>
<td>1091</td>
<td title="PetstoreAPITest_testPetstoreAddPet thread">PetstoreAPITest_testPetstoreAddPet</td>
<td title="Level"><font color="#993300"><strong>FATAL</strong></font></td>
<td title="PetstoreAPITest category">PetstoreAPITest</td>
<td title="Message">java.lang.NumberFormatException: For input string: &quot;100.0&quot;</td>
</tr>

<tr>
<td>1098</td>
<td title="PetstoreAPITest_testPetstoreAddPet thread">PetstoreAPITest_testPetstoreAddPet</td>
<td title="Level"><font color="#993300"><strong>FATAL</strong></font></td>
<td title="PetstoreAPITest category">PetstoreAPITest</td>
<td title="Message">java.lang.NumberFormatException: For input string: &quot;100.0&quot;</td>
</tr>

<tr>
<td>1174</td>
<td title="PetstoreAPITest_testPetstoreAddPet thread">PetstoreAPITest_testPetstoreAddPet</td>
<td title="Level"><font color="#993300"><strong>FATAL</strong></font></td>
<td title="supportFiles.TestListener category">supportFiles.TestListener</td>
<td title="Message">Test [testPetstoreAddPet] has failed</td>
</tr>
<tr><td bgcolor="#993300" style="color:White; font-size : xx-small;" colspan="6">java.lang.AssertionError: For input string: &quot;100.0&quot;
<br>&nbsp;&nbsp;&nbsp;&nbsp;	at org.testng.Assert.fail(Assert.java:94)
<br>&nbsp;&nbsp;&nbsp;&nbsp;	at supportFiles.LOG.report_ERROR(LOG.java:111)
<br>&nbsp;&nbsp;&nbsp;&nbsp;	at testFiles.PetstoreAPITest.testPetstoreAddPet(PetstoreAPITest.java:63)
<br>&nbsp;&nbsp;&nbsp;&nbsp;	at sun.reflect.NativeMethodAccessorImpl.invoke0(Native Method)
<br>&nbsp;&nbsp;&nbsp;&nbsp;	at sun.reflect.NativeMethodAccessorImpl.invoke(NativeMethodAccessorImpl.java:62)
<br>&nbsp;&nbsp;&nbsp;&nbsp;	at sun.reflect.DelegatingMethodAccessorImpl.invoke(DelegatingMethodAccessorImpl.java:43)
<br>&nbsp;&nbsp;&nbsp;&nbsp;	at java.lang.reflect.Method.invoke(Method.java:498)
<br>&nbsp;&nbsp;&nbsp;&nbsp;	at org.testng.internal.MethodInvocationHelper.invokeMethod(MethodInvocationHelper.java:85)
<br>&nbsp;&nbsp;&nbsp;&nbsp;	at org.testng.internal.Invoker.invokeMethod(Invoker.java:639)
<br>&nbsp;&nbsp;&nbsp;&nbsp;	at org.testng.internal.Invoker.invokeTestMethod(Invoker.java:816)
<br>&nbsp;&nbsp;&nbsp;&nbsp;	at org.testng.internal.Invoker.invokeTestMethods(Invoker.java:1124)
<br>&nbsp;&nbsp;&nbsp;&nbsp;	at org.testng.internal.TestMethodWorker.invokeTestMethods(TestMethodWorker.java:125)
<br>&nbsp;&nbsp;&nbsp;&nbsp;	at org.testng.internal.TestMethodWorker.run(TestMethodWorker.java:108)
<br>&nbsp;&nbsp;&nbsp;&nbsp;	at java.util.concurrent.ThreadPoolExecutor.runWorker(ThreadPoolExecutor.java:1149)
<br>&nbsp;&nbsp;&nbsp;&nbsp;	at java.util.concurrent.ThreadPoolExecutor$Worker.run(ThreadPoolExecutor.java:624)
<br>&nbsp;&nbsp;&nbsp;&nbsp;	at java.lang.Thread.run(Thread.java:748)
</td></tr>

<tr>
<td>1184</td>
<td title="PetstoreAPITest_testPetstoreDeleteRecord thread">PetstoreAPITest_testPetstoreDeleteRecord</td>
<td title="Level">INFO</td>
<td title="supportFiles.TestListener category">supportFiles.TestListener</td>
<td title="Message">Test [testPetstoreDeleteRecord] has started</td>
</tr>

<tr>
<td>1313</td>
<td title="PetstoreAPITest_testPetstoreDeleteRecord thread">PetstoreAPITest_testPetstoreDeleteRecord</td>
<td title="Level"><font color="#993300"><strong>FATAL</strong></font></td>
<td title="PetstoreAPITest category">PetstoreAPITest</td>
<td title="Message">java.lang.NumberFormatException: For input string: &quot;100.0&quot;</td>
</tr>

<tr>
<td>1315</td>
<td title="PetstoreAPITest_testPetstoreDeleteRecord thread">PetstoreAPITest_testPetstoreDeleteRecord</td>
<td title="Level"><font color="#993300"><strong>FATAL</strong></font></td>
<td title="PetstoreAPITest category">PetstoreAPITest</td>
<td title="Message">java.lang.NumberFormatException: For input string: &quot;100.0&quot;</td>
</tr>

<tr>
<td>1320</td>
<td title="PetstoreAPITest_testPetstoreDeleteRecord thread">PetstoreAPITest_testPetstoreDeleteRecord</td>
<td title="Level"><font color="#993300"><strong>FATAL</strong></font></td>
<td title="supportFiles.TestListener category">supportFiles.TestListener</td>
<td title="Message">Test [testPetstoreDeleteRecord] has failed</td>
</tr>
<tr><td bgcolor="#993300" style="color:White; font-size : xx-small;" colspan="6">java.lang.AssertionError: For input string: &quot;100.0&quot;
<br>&nbsp;&nbsp;&nbsp;&nbsp;	at org.testng.Assert.fail(Assert.java:94)
<br>&nbsp;&nbsp;&nbsp;&nbsp;	at supportFiles.LOG.report_ERROR(LOG.java:111)
<br>&nbsp;&nbsp;&nbsp;&nbsp;	at testFiles.PetstoreAPITest.testPetstoreDeleteRecord(PetstoreAPITest.java:218)
<br>&nbsp;&nbsp;&nbsp;&nbsp;	at sun.reflect.NativeMethodAccessorImpl.invoke0(Native Method)
<br>&nbsp;&nbsp;&nbsp;&nbsp;	at sun.reflect.NativeMethodAccessorImpl.invoke(NativeMethodAccessorImpl.java:62)
<br>&nbsp;&nbsp;&nbsp;&nbsp;	at sun.reflect.DelegatingMethodAccessorImpl.invoke(DelegatingMethodAccessorImpl.java:43)
<br>&nbsp;&nbsp;&nbsp;&nbsp;	at java.lang.reflect.Method.invoke(Method.java:498)
<br>&nbsp;&nbsp;&nbsp;&nbsp;	at org.testng.internal.MethodInvocationHelper.invokeMethod(MethodInvocationHelper.java:85)
<br>&nbsp;&nbsp;&nbsp;&nbsp;	at org.testng.internal.Invoker.invokeMethod(Invoker.java:639)
<br>&nbsp;&nbsp;&nbsp;&nbsp;	at org.testng.internal.Invoker.invokeTestMethod(Invoker.java:816)
<br>&nbsp;&nbsp;&nbsp;&nbsp;	at org.testng.internal.Invoker.invokeTestMethods(Invoker.java:1124)
<br>&nbsp;&nbsp;&nbsp;&nbsp;	at org.testng.internal.TestMethodWorker.invokeTestMethods(TestMethodWorker.java:125)
<br>&nbsp;&nbsp;&nbsp;&nbsp;	at org.testng.internal.TestMethodWorker.run(TestMethodWorker.java:108)
<br>&nbsp;&nbsp;&nbsp;&nbsp;	at java.util.concurrent.ThreadPoolExecutor.runWorker(ThreadPoolExecutor.java:1149)
<br>&nbsp;&nbsp;&nbsp;&nbsp;	at java.util.concurrent.ThreadPoolExecutor$Worker.run(ThreadPoolExecutor.java:624)
<br>&nbsp;&nbsp;&nbsp;&nbsp;	at java.lang.Thread.run(Thread.java:748)
</td></tr>

<tr>
<td>1323</td>
<td title="PetstoreAPITest_testPetstoreFindByID thread">PetstoreAPITest_testPetstoreFindByID</td>
<td title="Level">INFO</td>
<td title="supportFiles.TestListener category">supportFiles.TestListener</td>
<td title="Message">Test [testPetstoreFindByID] has started</td>
</tr>

<tr>
<td>1495</td>
<td title="PetstoreAPITest_testPetstoreFindByID thread">PetstoreAPITest_testPetstoreFindByID</td>
<td title="Level"><font color="#993300"><strong>FATAL</strong></font></td>
<td title="PetstoreAPITest category">PetstoreAPITest</td>
<td title="Message">java.lang.NumberFormatException: For input string: &quot;100.0&quot;</td>
</tr>

<tr>
<td>1520</td>
<td title="PetstoreAPITest_testPetstoreFindByID thread">PetstoreAPITest_testPetstoreFindByID</td>
<td title="Level"><font color="#993300"><strong>FATAL</strong></font></td>
<td title="PetstoreAPITest category">PetstoreAPITest</td>
<td title="Message">java.lang.NumberFormatException: For input string: &quot;100.0&quot;</td>
</tr>

<tr>
<td>1748</td>
<td title="PetstoreAPITest_testPetstoreFindByID thread">PetstoreAPITest_testPetstoreFindByID</td>
<td title="Level"><font color="#993300"><strong>FATAL</strong></font></td>
<td title="supportFiles.TestListener category">supportFiles.TestListener</td>
<td title="Message">Test [testPetstoreFindByID] has failed</td>
</tr>
<tr><td bgcolor="#993300" style="color:White; font-size : xx-small;" colspan="6">java.lang.AssertionError: For input string: &quot;100.0&quot;
<br>&nbsp;&nbsp;&nbsp;&nbsp;	at org.testng.Assert.fail(Assert.java:94)
<br>&nbsp;&nbsp;&nbsp;&nbsp;	at supportFiles.LOG.report_ERROR(LOG.java:111)
<br>&nbsp;&nbsp;&nbsp;&nbsp;	at testFiles.PetstoreAPITest.testPetstoreFindByID(PetstoreAPITest.java:150)
<br>&nbsp;&nbsp;&nbsp;&nbsp;	at sun.reflect.NativeMethodAccessorImpl.invoke0(Native Method)
<br>&nbsp;&nbsp;&nbsp;&nbsp;	at sun.reflect.NativeMethodAccessorImpl.invoke(NativeMethodAccessorImpl.java:62)
<br>&nbsp;&nbsp;&nbsp;&nbsp;	at sun.reflect.DelegatingMethodAccessorImpl.invoke(DelegatingMethodAccessorImpl.java:43)
<br>&nbsp;&nbsp;&nbsp;&nbsp;	at java.lang.reflect.Method.invoke(Method.java:498)
<br>&nbsp;&nbsp;&nbsp;&nbsp;	at org.testng.internal.MethodInvocationHelper.invokeMethod(MethodInvocationHelper.java:85)
<br>&nbsp;&nbsp;&nbsp;&nbsp;	at org.testng.internal.Invoker.invokeMethod(Invoker.java:639)
<br>&nbsp;&nbsp;&nbsp;&nbsp;	at org.testng.internal.Invoker.invokeTestMethod(Invoker.java:816)
<br>&nbsp;&nbsp;&nbsp;&nbsp;	at org.testng.internal.Invoker.invokeTestMethods(Invoker.java:1124)
<br>&nbsp;&nbsp;&nbsp;&nbsp;	at org.testng.internal.TestMethodWorker.invokeTestMethods(TestMethodWorker.java:125)
<br>&nbsp;&nbsp;&nbsp;&nbsp;	at org.testng.internal.TestMethodWorker.run(TestMethodWorker.java:108)
<br>&nbsp;&nbsp;&nbsp;&nbsp;	at java.util.concurrent.ThreadPoolExecutor.runWorker(ThreadPoolExecutor.java:1149)
<br>&nbsp;&nbsp;&nbsp;&nbsp;	at java.util.concurrent.ThreadPoolExecutor$Worker.run(ThreadPoolExecutor.java:624)
<br>&nbsp;&nbsp;&nbsp;&nbsp;	at java.lang.Thread.run(Thread.java:748)
</td></tr>

<tr>
<td>1756</td>
<td title="PetstoreAPITest_testPetstoreFindByStatus thread">PetstoreAPITest_testPetstoreFindByStatus</td>
<td title="Level">INFO</td>
<td title="supportFiles.TestListener category">supportFiles.TestListener</td>
<td title="Message">Test [testPetstoreFindByStatus] has started</td>
</tr>

<tr>
<td>1860</td>
<td title="PetstoreAPITest_testPetstoreFindByStatus thread">PetstoreAPITest_testPetstoreFindByStatus</td>
<td title="Level"><font color="#993300"><strong>FATAL</strong></font></td>
<td title="PetstoreAPITest category">PetstoreAPITest</td>
<td title="Message">java.lang.NumberFormatException: For input string: &quot;available&quot;</td>
</tr>

<tr>
<td>1861</td>
<td title="PetstoreAPITest_testPetstoreFindByStatus thread">PetstoreAPITest_testPetstoreFindByStatus</td>
<td title="Level"><font color="#993300"><strong>FATAL</strong></font></td>
<td title="PetstoreAPITest category">PetstoreAPITest</td>
<td title="Message">java.lang.NumberFormatException: For input string: &quot;available&quot;</td>
</tr>

<tr>
<td>1864</td>
<td title="PetstoreAPITest_testPetstoreFindByStatus thread">PetstoreAPITest_testPetstoreFindByStatus</td>
<td title="Level"><font color="#993300"><strong>FATAL</strong></font></td>
<td title="supportFiles.TestListener category">supportFiles.TestListener</td>
<td title="Message">Test [testPetstoreFindByStatus] has failed</td>
</tr>
<tr><td bgcolor="#993300" style="color:White; font-size : xx-small;" colspan="6">java.lang.AssertionError: For input string: &quot;available&quot;
<br>&nbsp;&nbsp;&nbsp;&nbsp;	at org.testng.Assert.fail(Assert.java:94)
<br>&nbsp;&nbsp;&nbsp;&nbsp;	at supportFiles.LOG.report_ERROR(LOG.java:111)
<br>&nbsp;&nbsp;&nbsp;&nbsp;	at testFiles.PetstoreAPITest.testPetstoreFindByStatus(PetstoreAPITest.java:128)
<br>&nbsp;&nbsp;&nbsp;&nbsp;	at sun.reflect.NativeMethodAccessorImpl.invoke0(Native Method)
<br>&nbsp;&nbsp;&nbsp;&nbsp;	at sun.reflect.NativeMethodAccessorImpl.invoke(NativeMethodAccessorImpl.java:62)
<br>&nbsp;&nbsp;&nbsp;&nbsp;	at sun.reflect.DelegatingMethodAccessorImpl.invoke(DelegatingMethodAccessorImpl.java:43)
<br>&nbsp;&nbsp;&nbsp;&nbsp;	at java.lang.reflect.Method.invoke(Method.java:498)
<br>&nbsp;&nbsp;&nbsp;&nbsp;	at org.testng.internal.MethodInvocationHelper.invokeMethod(MethodInvocationHelper.java:85)
<br>&nbsp;&nbsp;&nbsp;&nbsp;	at org.testng.internal.Invoker.invokeMethod(Invoker.java:639)
<br>&nbsp;&nbsp;&nbsp;&nbsp;	at org.testng.internal.Invoker.invokeTestMethod(Invoker.java:816)
<br>&nbsp;&nbsp;&nbsp;&nbsp;	at org.testng.internal.Invoker.invokeTestMethods(Invoker.java:1124)
<br>&nbsp;&nbsp;&nbsp;&nbsp;	at org.testng.internal.TestMethodWorker.invokeTestMethods(TestMethodWorker.java:125)
<br>&nbsp;&nbsp;&nbsp;&nbsp;	at org.testng.internal.TestMethodWorker.run(TestMethodWorker.java:108)
<br>&nbsp;&nbsp;&nbsp;&nbsp;	at java.util.concurrent.ThreadPoolExecutor.runWorker(ThreadPoolExecutor.java:1149)
<br>&nbsp;&nbsp;&nbsp;&nbsp;	at java.util.concurrent.ThreadPoolExecutor$Worker.run(ThreadPoolExecutor.java:624)
<br>&nbsp;&nbsp;&nbsp;&nbsp;	at java.lang.Thread.run(Thread.java:748)
</td></tr>

<tr>
<td>1868</td>
<td title="PetstoreAPITest_testPetstorePostUpdate thread">PetstoreAPITest_testPetstorePostUpdate</td>
<td title="Level">INFO</td>
<td title="supportFiles.TestListener category">supportFiles.TestListener</td>
<td title="Message">Test [testPetstorePostUpdate] has started</td>
</tr>

<tr>
<td>1948</td>
<td title="PetstoreAPITest_testPetstorePostUpdate thread">PetstoreAPITest_testPetstorePostUpdate</td>
<td title="Level"><font color="#993300"><strong>FATAL</strong></font></td>
<td title="PetstoreAPITest category">PetstoreAPITest</td>
<td title="Message">java.lang.NumberFormatException: For input string: &quot;100.0&quot;</td>
</tr>

<tr>
<td>1950</td>
<td title="PetstoreAPITest_testPetstorePostUpdate thread">PetstoreAPITest_testPetstorePostUpdate</td>
<td title="Level"><font color="#993300"><strong>FATAL</strong></font></td>
<td title="PetstoreAPITest category">PetstoreAPITest</td>
<td title="Message">java.lang.NumberFormatException: For input string: &quot;100.0&quot;</td>
</tr>

<tr>
<td>1981</td>
<td title="PetstoreAPITest_testPetstorePostUpdate thread">PetstoreAPITest_testPetstorePostUpdate</td>
<td title="Level"><font color="#993300"><strong>FATAL</strong></font></td>
<td title="supportFiles.TestListener category">supportFiles.TestListener</td>
<td title="Message">Test [testPetstorePostUpdate] has failed</td>
</tr>
<tr><td bgcolor="#993300" style="color:White; font-size : xx-small;" colspan="6">java.lang.AssertionError: For input string: &quot;100.0&quot;
<br>&nbsp;&nbsp;&nbsp;&nbsp;	at org.testng.Assert.fail(Assert.java:94)
<br>&nbsp;&nbsp;&nbsp;&nbsp;	at supportFiles.LOG.report_ERROR(LOG.java:111)
<br>&nbsp;&nbsp;&nbsp;&nbsp;	at testFiles.PetstoreAPITest.testPetstorePostUpdate(PetstoreAPITest.java:193)
<br>&nbsp;&nbsp;&nbsp;&nbsp;	at sun.reflect.NativeMethodAccessorImpl.invoke0(Native Method)
<br>&nbsp;&nbsp;&nbsp;&nbsp;	at sun.reflect.NativeMethodAccessorImpl.invoke(NativeMethodAccessorImpl.java:62)
<br>&nbsp;&nbsp;&nbsp;&nbsp;	at sun.reflect.DelegatingMethodAccessorImpl.invoke(DelegatingMethodAccessorImpl.java:43)
<br>&nbsp;&nbsp;&nbsp;&nbsp;	at java.lang.reflect.Method.invoke(Method.java:498)
<br>&nbsp;&nbsp;&nbsp;&nbsp;	at org.testng.internal.MethodInvocationHelper.invokeMethod(MethodInvocationHelper.java:85)
<br>&nbsp;&nbsp;&nbsp;&nbsp;	at org.testng.internal.Invoker.invokeMethod(Invoker.java:639)
<br>&nbsp;&nbsp;&nbsp;&nbsp;	at org.testng.internal.Invoker.invokeTestMethod(Invoker.java:816)
<br>&nbsp;&nbsp;&nbsp;&nbsp;	at org.testng.internal.Invoker.invokeTestMethods(Invoker.java:1124)
<br>&nbsp;&nbsp;&nbsp;&nbsp;	at org.testng.internal.TestMethodWorker.invokeTestMethods(TestMethodWorker.java:125)
<br>&nbsp;&nbsp;&nbsp;&nbsp;	at org.testng.internal.TestMethodWorker.run(TestMethodWorker.java:108)
<br>&nbsp;&nbsp;&nbsp;&nbsp;	at java.util.concurrent.ThreadPoolExecutor.runWorker(ThreadPoolExecutor.java:1149)
<br>&nbsp;&nbsp;&nbsp;&nbsp;	at java.util.concurrent.ThreadPoolExecutor$Worker.run(ThreadPoolExecutor.java:624)
<br>&nbsp;&nbsp;&nbsp;&nbsp;	at java.lang.Thread.run(Thread.java:748)
</td></tr>

<tr>
<td>1983</td>
<td title="PetstoreAPITest_testPetstoreUpdatePet thread">PetstoreAPITest_testPetstoreUpdatePet</td>
<td title="Level">INFO</td>
<td title="supportFiles.TestListener category">supportFiles.TestListener</td>
<td title="Message">Test [testPetstoreUpdatePet] has started</td>
</tr>

<tr>
<td>2210</td>
<td title="PetstoreAPITest_testPetstoreUpdatePet thread">PetstoreAPITest_testPetstoreUpdatePet</td>
<td title="Level"><font color="#993300"><strong>FATAL</strong></font></td>
<td title="PetstoreAPITest category">PetstoreAPITest</td>
<td title="Message">java.lang.NumberFormatException: For input string: &quot;100.0&quot;</td>
</tr>

<tr>
<td>2232</td>
<td title="PetstoreAPITest_testPetstoreUpdatePet thread">PetstoreAPITest_testPetstoreUpdatePet</td>
<td title="Level"><font color="#993300"><strong>FATAL</strong></font></td>
<td title="PetstoreAPITest category">PetstoreAPITest</td>
<td title="Message">java.lang.NumberFormatException: For input string: &quot;100.0&quot;</td>
</tr>

<tr>
<td>2235</td>
<td title="PetstoreAPITest_testPetstoreUpdatePet thread">PetstoreAPITest_testPetstoreUpdatePet</td>
<td title="Level"><font color="#993300"><strong>FATAL</strong></font></td>
<td title="supportFiles.TestListener category">supportFiles.TestListener</td>
<td title="Message">Test [testPetstoreUpdatePet] has failed</td>
</tr>
<tr><td bgcolor="#993300" style="color:White; font-size : xx-small;" colspan="6">java.lang.AssertionError: For input string: &quot;100.0&quot;
<br>&nbsp;&nbsp;&nbsp;&nbsp;	at org.testng.Assert.fail(Assert.java:94)
<br>&nbsp;&nbsp;&nbsp;&nbsp;	at supportFiles.LOG.report_ERROR(LOG.java:111)
<br>&nbsp;&nbsp;&nbsp;&nbsp;	at testFiles.PetstoreAPITest.testPetstoreUpdatePet(PetstoreAPITest.java:106)
<br>&nbsp;&nbsp;&nbsp;&nbsp;	at sun.reflect.NativeMethodAccessorImpl.invoke0(Native Method)
<br>&nbsp;&nbsp;&nbsp;&nbsp;	at sun.reflect.NativeMethodAccessorImpl.invoke(NativeMethodAccessorImpl.java:62)
<br>&nbsp;&nbsp;&nbsp;&nbsp;	at sun.reflect.DelegatingMethodAccessorImpl.invoke(DelegatingMethodAccessorImpl.java:43)
<br>&nbsp;&nbsp;&nbsp;&nbsp;	at java.lang.reflect.Method.invoke(Method.java:498)
<br>&nbsp;&nbsp;&nbsp;&nbsp;	at org.testng.internal.MethodInvocationHelper.invokeMethod(MethodInvocationHelper.java:85)
<br>&nbsp;&nbsp;&nbsp;&nbsp;	at org.testng.internal.Invoker.invokeMethod(Invoker.java:639)
<br>&nbsp;&nbsp;&nbsp;&nbsp;	at org.testng.internal.Invoker.invokeTestMethod(Invoker.java:816)
<br>&nbsp;&nbsp;&nbsp;&nbsp;	at org.testng.internal.Invoker.invokeTestMethods(Invoker.java:1124)
<br>&nbsp;&nbsp;&nbsp;&nbsp;	at org.testng.internal.TestMethodWorker.invokeTestMethods(TestMethodWorker.java:125)
<br>&nbsp;&nbsp;&nbsp;&nbsp;	at org.testng.internal.TestMethodWorker.run(TestMethodWorker.java:108)
<br>&nbsp;&nbsp;&nbsp;&nbsp;	at java.util.concurrent.ThreadPoolExecutor.runWorker(ThreadPoolExecutor.java:1149)
<br>&nbsp;&nbsp;&nbsp;&nbsp;	at java.util.concurrent.ThreadPoolExecutor$Worker.run(ThreadPoolExecutor.java:624)
<br>&nbsp;&nbsp;&nbsp;&nbsp;	at java.lang.Thread.run(Thread.java:748)
</td></tr>
<!DOCTYPE HTML PUBLIC "-//W3C//DTD HTML 4.01 Transitional//EN" "http://www.w3.org/TR/html4/loose.dtd">
<html>
<head>
<title>Execution Log</title>
<style type="text/css">
<!--
body, table {font-family: arial,sans-serif; font-size: x-small;}
th {background: #336699; color: #FFFFFF; text-align: left;}
-->
</style>
</head>
<body bgcolor="#FFFFFF" topmargin="6" leftmargin="6">
<hr size="1" noshade>
Log session start time Tue May 12 14:34:55 IST 2020<br>
<br>
<table cellspacing="0" cellpadding="4" border="1" bordercolor="#224466" width="100%">
<tr>
<th>Time</th>
<th>Thread</th>
<th>Level</th>
<th>Category</th>
<th>Message</th>
</tr>

<tr>
<td>0</td>
<td title="PetstoreAPITest_testPetstoreAddPet thread">PetstoreAPITest_testPetstoreAddPet</td>
<td title="Level">INFO</td>
<td title="supportFiles.TestListener category">supportFiles.TestListener</td>
<td title="Message">Test [testPetstoreAddPet] has started</td>
</tr>

<tr>
<td>12027</td>
<td title="PetstoreAPITest_testPetstoreAddPet thread">PetstoreAPITest_testPetstoreAddPet</td>
<td title="Level"><font color="#993300"><strong>FATAL</strong></font></td>
<td title="PetstoreAPITest category">PetstoreAPITest</td>
<td title="Message">java.net.ConnectException: Connection refused: connect</td>
</tr>

<tr>
<td>12028</td>
<td title="PetstoreAPITest_testPetstoreAddPet thread">PetstoreAPITest_testPetstoreAddPet</td>
<td title="Level"><font color="#993300"><strong>FATAL</strong></font></td>
<td title="PetstoreAPITest category">PetstoreAPITest</td>
<td title="Message">java.net.ConnectException: Connection refused: connect</td>
</tr>

<tr>
<td>12068</td>
<td title="PetstoreAPITest_testPetstoreAddPet thread">PetstoreAPITest_testPetstoreAddPet</td>
<td title="Level"><font color="#993300"><strong>FATAL</strong></font></td>
<td title="supportFiles.TestListener category">supportFiles.TestListener</td>
<td title="Message">Test [testPetstoreAddPet] has failed</td>
</tr>
<tr><td bgcolor="#993300" style="color:White; font-size : xx-small;" colspan="6">java.lang.AssertionError: Connection refused: connect
<br>&nbsp;&nbsp;&nbsp;&nbsp;	at org.testng.Assert.fail(Assert.java:94)
<br>&nbsp;&nbsp;&nbsp;&nbsp;	at supportFiles.LOG.report_ERROR(LOG.java:111)
<br>&nbsp;&nbsp;&nbsp;&nbsp;	at testFiles.PetstoreAPITest.testPetstoreAddPet(PetstoreAPITest.java:63)
<br>&nbsp;&nbsp;&nbsp;&nbsp;	at sun.reflect.NativeMethodAccessorImpl.invoke0(Native Method)
<br>&nbsp;&nbsp;&nbsp;&nbsp;	at sun.reflect.NativeMethodAccessorImpl.invoke(NativeMethodAccessorImpl.java:62)
<br>&nbsp;&nbsp;&nbsp;&nbsp;	at sun.reflect.DelegatingMethodAccessorImpl.invoke(DelegatingMethodAccessorImpl.java:43)
<br>&nbsp;&nbsp;&nbsp;&nbsp;	at java.lang.reflect.Method.invoke(Method.java:498)
<br>&nbsp;&nbsp;&nbsp;&nbsp;	at org.testng.internal.MethodInvocationHelper.invokeMethod(MethodInvocationHelper.java:85)
<br>&nbsp;&nbsp;&nbsp;&nbsp;	at org.testng.internal.Invoker.invokeMethod(Invoker.java:639)
<br>&nbsp;&nbsp;&nbsp;&nbsp;	at org.testng.internal.Invoker.invokeTestMethod(Invoker.java:816)
<br>&nbsp;&nbsp;&nbsp;&nbsp;	at org.testng.internal.Invoker.invokeTestMethods(Invoker.java:1124)
<br>&nbsp;&nbsp;&nbsp;&nbsp;	at org.testng.internal.TestMethodWorker.invokeTestMethods(TestMethodWorker.java:125)
<br>&nbsp;&nbsp;&nbsp;&nbsp;	at org.testng.internal.TestMethodWorker.run(TestMethodWorker.java:108)
<br>&nbsp;&nbsp;&nbsp;&nbsp;	at java.util.concurrent.ThreadPoolExecutor.runWorker(ThreadPoolExecutor.java:1149)
<br>&nbsp;&nbsp;&nbsp;&nbsp;	at java.util.concurrent.ThreadPoolExecutor$Worker.run(ThreadPoolExecutor.java:624)
<br>&nbsp;&nbsp;&nbsp;&nbsp;	at java.lang.Thread.run(Thread.java:748)
</td></tr>

<tr>
<td>12080</td>
<td title="PetstoreAPITest_testPetstoreDeleteRecord thread">PetstoreAPITest_testPetstoreDeleteRecord</td>
<td title="Level">INFO</td>
<td title="supportFiles.TestListener category">supportFiles.TestListener</td>
<td title="Message">Test [testPetstoreDeleteRecord] has started</td>
</tr>

<tr>
<td>14499</td>
<td title="PetstoreAPITest_testPetstoreDeleteRecord thread">PetstoreAPITest_testPetstoreDeleteRecord</td>
<td title="Level"><font color="#993300"><strong>FATAL</strong></font></td>
<td title="PetstoreAPITest category">PetstoreAPITest</td>
<td title="Message">Response Code: 405, Response Message: HTTP/1.1 405 Not Allowed</td>
</tr>

<tr>
<td>14502</td>
<td title="PetstoreAPITest_testPetstoreDeleteRecord thread">PetstoreAPITest_testPetstoreDeleteRecord</td>
<td title="Level"><font color="#993300"><strong>FATAL</strong></font></td>
<td title="supportFiles.TestListener category">supportFiles.TestListener</td>
<td title="Message">Test [testPetstoreDeleteRecord] has failed</td>
</tr>
<tr><td bgcolor="#993300" style="color:White; font-size : xx-small;" colspan="6">java.lang.AssertionError: Response Code: 405, Response Message: HTTP/1.1 405 Not Allowed
<br>&nbsp;&nbsp;&nbsp;&nbsp;	at org.testng.Assert.fail(Assert.java:94)
<br>&nbsp;&nbsp;&nbsp;&nbsp;	at supportFiles.LOG.report_FAIL(LOG.java:29)
<br>&nbsp;&nbsp;&nbsp;&nbsp;	at testFiles.PetstoreAPITest.testPetstoreDeleteRecord(PetstoreAPITest.java:214)
<br>&nbsp;&nbsp;&nbsp;&nbsp;	at sun.reflect.NativeMethodAccessorImpl.invoke0(Native Method)
<br>&nbsp;&nbsp;&nbsp;&nbsp;	at sun.reflect.NativeMethodAccessorImpl.invoke(NativeMethodAccessorImpl.java:62)
<br>&nbsp;&nbsp;&nbsp;&nbsp;	at sun.reflect.DelegatingMethodAccessorImpl.invoke(DelegatingMethodAccessorImpl.java:43)
<br>&nbsp;&nbsp;&nbsp;&nbsp;	at java.lang.reflect.Method.invoke(Method.java:498)
<br>&nbsp;&nbsp;&nbsp;&nbsp;	at org.testng.internal.MethodInvocationHelper.invokeMethod(MethodInvocationHelper.java:85)
<br>&nbsp;&nbsp;&nbsp;&nbsp;	at org.testng.internal.Invoker.invokeMethod(Invoker.java:639)
<br>&nbsp;&nbsp;&nbsp;&nbsp;	at org.testng.internal.Invoker.invokeTestMethod(Invoker.java:816)
<br>&nbsp;&nbsp;&nbsp;&nbsp;	at org.testng.internal.Invoker.invokeTestMethods(Invoker.java:1124)
<br>&nbsp;&nbsp;&nbsp;&nbsp;	at org.testng.internal.TestMethodWorker.invokeTestMethods(TestMethodWorker.java:125)
<br>&nbsp;&nbsp;&nbsp;&nbsp;	at org.testng.internal.TestMethodWorker.run(TestMethodWorker.java:108)
<br>&nbsp;&nbsp;&nbsp;&nbsp;	at java.util.concurrent.ThreadPoolExecutor.runWorker(ThreadPoolExecutor.java:1149)
<br>&nbsp;&nbsp;&nbsp;&nbsp;	at java.util.concurrent.ThreadPoolExecutor$Worker.run(ThreadPoolExecutor.java:624)
<br>&nbsp;&nbsp;&nbsp;&nbsp;	at java.lang.Thread.run(Thread.java:748)
</td></tr>

<tr>
<td>14505</td>
<td title="PetstoreAPITest_testPetstoreFindByID thread">PetstoreAPITest_testPetstoreFindByID</td>
<td title="Level">INFO</td>
<td title="supportFiles.TestListener category">supportFiles.TestListener</td>
<td title="Message">Test [testPetstoreFindByID] has started</td>
</tr>

<tr>
<td>16050</td>
<td title="PetstoreAPITest_testPetstoreFindByID thread">PetstoreAPITest_testPetstoreFindByID</td>
<td title="Level"><font color="#993300"><strong>FATAL</strong></font></td>
<td title="PetstoreAPITest category">PetstoreAPITest</td>
<td title="Message">Response Code: 404, Response Message: HTTP/1.1 404 Not Found</td>
</tr>

<tr>
<td>16054</td>
<td title="PetstoreAPITest_testPetstoreFindByID thread">PetstoreAPITest_testPetstoreFindByID</td>
<td title="Level"><font color="#993300"><strong>FATAL</strong></font></td>
<td title="supportFiles.TestListener category">supportFiles.TestListener</td>
<td title="Message">Test [testPetstoreFindByID] has failed</td>
</tr>
<tr><td bgcolor="#993300" style="color:White; font-size : xx-small;" colspan="6">java.lang.AssertionError: Response Code: 404, Response Message: HTTP/1.1 404 Not Found
<br>&nbsp;&nbsp;&nbsp;&nbsp;	at org.testng.Assert.fail(Assert.java:94)
<br>&nbsp;&nbsp;&nbsp;&nbsp;	at supportFiles.LOG.report_FAIL(LOG.java:29)
<br>&nbsp;&nbsp;&nbsp;&nbsp;	at testFiles.PetstoreAPITest.testPetstoreFindByID(PetstoreAPITest.java:146)
<br>&nbsp;&nbsp;&nbsp;&nbsp;	at sun.reflect.NativeMethodAccessorImpl.invoke0(Native Method)
<br>&nbsp;&nbsp;&nbsp;&nbsp;	at sun.reflect.NativeMethodAccessorImpl.invoke(NativeMethodAccessorImpl.java:62)
<br>&nbsp;&nbsp;&nbsp;&nbsp;	at sun.reflect.DelegatingMethodAccessorImpl.invoke(DelegatingMethodAccessorImpl.java:43)
<br>&nbsp;&nbsp;&nbsp;&nbsp;	at java.lang.reflect.Method.invoke(Method.java:498)
<br>&nbsp;&nbsp;&nbsp;&nbsp;	at org.testng.internal.MethodInvocationHelper.invokeMethod(MethodInvocationHelper.java:85)
<br>&nbsp;&nbsp;&nbsp;&nbsp;	at org.testng.internal.Invoker.invokeMethod(Invoker.java:639)
<br>&nbsp;&nbsp;&nbsp;&nbsp;	at org.testng.internal.Invoker.invokeTestMethod(Invoker.java:816)
<br>&nbsp;&nbsp;&nbsp;&nbsp;	at org.testng.internal.Invoker.invokeTestMethods(Invoker.java:1124)
<br>&nbsp;&nbsp;&nbsp;&nbsp;	at org.testng.internal.TestMethodWorker.invokeTestMethods(TestMethodWorker.java:125)
<br>&nbsp;&nbsp;&nbsp;&nbsp;	at org.testng.internal.TestMethodWorker.run(TestMethodWorker.java:108)
<br>&nbsp;&nbsp;&nbsp;&nbsp;	at java.util.concurrent.ThreadPoolExecutor.runWorker(ThreadPoolExecutor.java:1149)
<br>&nbsp;&nbsp;&nbsp;&nbsp;	at java.util.concurrent.ThreadPoolExecutor$Worker.run(ThreadPoolExecutor.java:624)
<br>&nbsp;&nbsp;&nbsp;&nbsp;	at java.lang.Thread.run(Thread.java:748)
</td></tr>

<tr>
<td>16057</td>
<td title="PetstoreAPITest_testPetstoreFindByStatus thread">PetstoreAPITest_testPetstoreFindByStatus</td>
<td title="Level">INFO</td>
<td title="supportFiles.TestListener category">supportFiles.TestListener</td>
<td title="Message">Test [testPetstoreFindByStatus] has started</td>
</tr>

<tr>
<td>16235</td>
<td title="PetstoreAPITest_testPetstoreFindByStatus thread">PetstoreAPITest_testPetstoreFindByStatus</td>
<td title="Level"><font color="#993300"><strong>FATAL</strong></font></td>
<td title="PetstoreAPITest category">PetstoreAPITest</td>
<td title="Message">java.lang.NumberFormatException: For input string: &quot;available&quot;</td>
</tr>

<tr>
<td>16236</td>
<td title="PetstoreAPITest_testPetstoreFindByStatus thread">PetstoreAPITest_testPetstoreFindByStatus</td>
<td title="Level"><font color="#993300"><strong>FATAL</strong></font></td>
<td title="PetstoreAPITest category">PetstoreAPITest</td>
<td title="Message">java.lang.NumberFormatException: For input string: &quot;available&quot;</td>
</tr>

<tr>
<td>16240</td>
<td title="PetstoreAPITest_testPetstoreFindByStatus thread">PetstoreAPITest_testPetstoreFindByStatus</td>
<td title="Level"><font color="#993300"><strong>FATAL</strong></font></td>
<td title="supportFiles.TestListener category">supportFiles.TestListener</td>
<td title="Message">Test [testPetstoreFindByStatus] has failed</td>
</tr>
<tr><td bgcolor="#993300" style="color:White; font-size : xx-small;" colspan="6">java.lang.AssertionError: For input string: &quot;available&quot;
<br>&nbsp;&nbsp;&nbsp;&nbsp;	at org.testng.Assert.fail(Assert.java:94)
<br>&nbsp;&nbsp;&nbsp;&nbsp;	at supportFiles.LOG.report_ERROR(LOG.java:111)
<br>&nbsp;&nbsp;&nbsp;&nbsp;	at testFiles.PetstoreAPITest.testPetstoreFindByStatus(PetstoreAPITest.java:128)
<br>&nbsp;&nbsp;&nbsp;&nbsp;	at sun.reflect.NativeMethodAccessorImpl.invoke0(Native Method)
<br>&nbsp;&nbsp;&nbsp;&nbsp;	at sun.reflect.NativeMethodAccessorImpl.invoke(NativeMethodAccessorImpl.java:62)
<br>&nbsp;&nbsp;&nbsp;&nbsp;	at sun.reflect.DelegatingMethodAccessorImpl.invoke(DelegatingMethodAccessorImpl.java:43)
<br>&nbsp;&nbsp;&nbsp;&nbsp;	at java.lang.reflect.Method.invoke(Method.java:498)
<br>&nbsp;&nbsp;&nbsp;&nbsp;	at org.testng.internal.MethodInvocationHelper.invokeMethod(MethodInvocationHelper.java:85)
<br>&nbsp;&nbsp;&nbsp;&nbsp;	at org.testng.internal.Invoker.invokeMethod(Invoker.java:639)
<br>&nbsp;&nbsp;&nbsp;&nbsp;	at org.testng.internal.Invoker.invokeTestMethod(Invoker.java:816)
<br>&nbsp;&nbsp;&nbsp;&nbsp;	at org.testng.internal.Invoker.invokeTestMethods(Invoker.java:1124)
<br>&nbsp;&nbsp;&nbsp;&nbsp;	at org.testng.internal.TestMethodWorker.invokeTestMethods(TestMethodWorker.java:125)
<br>&nbsp;&nbsp;&nbsp;&nbsp;	at org.testng.internal.TestMethodWorker.run(TestMethodWorker.java:108)
<br>&nbsp;&nbsp;&nbsp;&nbsp;	at java.util.concurrent.ThreadPoolExecutor.runWorker(ThreadPoolExecutor.java:1149)
<br>&nbsp;&nbsp;&nbsp;&nbsp;	at java.util.concurrent.ThreadPoolExecutor$Worker.run(ThreadPoolExecutor.java:624)
<br>&nbsp;&nbsp;&nbsp;&nbsp;	at java.lang.Thread.run(Thread.java:748)
</td></tr>

<tr>
<td>16242</td>
<td title="PetstoreAPITest_testPetstorePostUpdate thread">PetstoreAPITest_testPetstorePostUpdate</td>
<td title="Level">INFO</td>
<td title="supportFiles.TestListener category">supportFiles.TestListener</td>
<td title="Message">Test [testPetstorePostUpdate] has started</td>
</tr>

<tr>
<td>17865</td>
<td title="PetstoreAPITest_testPetstorePostUpdate thread">PetstoreAPITest_testPetstorePostUpdate</td>
<td title="Level"><font color="#993300"><strong>FATAL</strong></font></td>
<td title="PetstoreAPITest category">PetstoreAPITest</td>
<td title="Message">Response Code: 404, Response Message: HTTP/1.1 404 Not Found</td>
</tr>

<tr>
<td>17869</td>
<td title="PetstoreAPITest_testPetstorePostUpdate thread">PetstoreAPITest_testPetstorePostUpdate</td>
<td title="Level"><font color="#993300"><strong>FATAL</strong></font></td>
<td title="supportFiles.TestListener category">supportFiles.TestListener</td>
<td title="Message">Test [testPetstorePostUpdate] has failed</td>
</tr>
<tr><td bgcolor="#993300" style="color:White; font-size : xx-small;" colspan="6">java.lang.AssertionError: Response Code: 404, Response Message: HTTP/1.1 404 Not Found
<br>&nbsp;&nbsp;&nbsp;&nbsp;	at org.testng.Assert.fail(Assert.java:94)
<br>&nbsp;&nbsp;&nbsp;&nbsp;	at supportFiles.LOG.report_FAIL(LOG.java:29)
<br>&nbsp;&nbsp;&nbsp;&nbsp;	at testFiles.PetstoreAPITest.testPetstorePostUpdate(PetstoreAPITest.java:189)
<br>&nbsp;&nbsp;&nbsp;&nbsp;	at sun.reflect.NativeMethodAccessorImpl.invoke0(Native Method)
<br>&nbsp;&nbsp;&nbsp;&nbsp;	at sun.reflect.NativeMethodAccessorImpl.invoke(NativeMethodAccessorImpl.java:62)
<br>&nbsp;&nbsp;&nbsp;&nbsp;	at sun.reflect.DelegatingMethodAccessorImpl.invoke(DelegatingMethodAccessorImpl.java:43)
<br>&nbsp;&nbsp;&nbsp;&nbsp;	at java.lang.reflect.Method.invoke(Method.java:498)
<br>&nbsp;&nbsp;&nbsp;&nbsp;	at org.testng.internal.MethodInvocationHelper.invokeMethod(MethodInvocationHelper.java:85)
<br>&nbsp;&nbsp;&nbsp;&nbsp;	at org.testng.internal.Invoker.invokeMethod(Invoker.java:639)
<br>&nbsp;&nbsp;&nbsp;&nbsp;	at org.testng.internal.Invoker.invokeTestMethod(Invoker.java:816)
<br>&nbsp;&nbsp;&nbsp;&nbsp;	at org.testng.internal.Invoker.invokeTestMethods(Invoker.java:1124)
<br>&nbsp;&nbsp;&nbsp;&nbsp;	at org.testng.internal.TestMethodWorker.invokeTestMethods(TestMethodWorker.java:125)
<br>&nbsp;&nbsp;&nbsp;&nbsp;	at org.testng.internal.TestMethodWorker.run(TestMethodWorker.java:108)
<br>&nbsp;&nbsp;&nbsp;&nbsp;	at java.util.concurrent.ThreadPoolExecutor.runWorker(ThreadPoolExecutor.java:1149)
<br>&nbsp;&nbsp;&nbsp;&nbsp;	at java.util.concurrent.ThreadPoolExecutor$Worker.run(ThreadPoolExecutor.java:624)
<br>&nbsp;&nbsp;&nbsp;&nbsp;	at java.lang.Thread.run(Thread.java:748)
</td></tr>

<tr>
<td>17872</td>
<td title="PetstoreAPITest_testPetstoreUpdatePet thread">PetstoreAPITest_testPetstoreUpdatePet</td>
<td title="Level">INFO</td>
<td title="supportFiles.TestListener category">supportFiles.TestListener</td>
<td title="Message">Test [testPetstoreUpdatePet] has started</td>
</tr>

<tr>
<td>19480</td>
<td title="PetstoreAPITest_testPetstoreUpdatePet thread">PetstoreAPITest_testPetstoreUpdatePet</td>
<td title="Level"><font color="#993300"><strong>FATAL</strong></font></td>
<td title="PetstoreAPITest category">PetstoreAPITest</td>
<td title="Message">Response Code: 405, Response Message: HTTP/1.1 405 Not Allowed</td>
</tr>

<tr>
<td>19483</td>
<td title="PetstoreAPITest_testPetstoreUpdatePet thread">PetstoreAPITest_testPetstoreUpdatePet</td>
<td title="Level"><font color="#993300"><strong>FATAL</strong></font></td>
<td title="supportFiles.TestListener category">supportFiles.TestListener</td>
<td title="Message">Test [testPetstoreUpdatePet] has failed</td>
</tr>
<tr><td bgcolor="#993300" style="color:White; font-size : xx-small;" colspan="6">java.lang.AssertionError: Response Code: 405, Response Message: HTTP/1.1 405 Not Allowed
<br>&nbsp;&nbsp;&nbsp;&nbsp;	at org.testng.Assert.fail(Assert.java:94)
<br>&nbsp;&nbsp;&nbsp;&nbsp;	at supportFiles.LOG.report_FAIL(LOG.java:29)
<br>&nbsp;&nbsp;&nbsp;&nbsp;	at testFiles.PetstoreAPITest.testPetstoreUpdatePet(PetstoreAPITest.java:102)
<br>&nbsp;&nbsp;&nbsp;&nbsp;	at sun.reflect.NativeMethodAccessorImpl.invoke0(Native Method)
<br>&nbsp;&nbsp;&nbsp;&nbsp;	at sun.reflect.NativeMethodAccessorImpl.invoke(NativeMethodAccessorImpl.java:62)
<br>&nbsp;&nbsp;&nbsp;&nbsp;	at sun.reflect.DelegatingMethodAccessorImpl.invoke(DelegatingMethodAccessorImpl.java:43)
<br>&nbsp;&nbsp;&nbsp;&nbsp;	at java.lang.reflect.Method.invoke(Method.java:498)
<br>&nbsp;&nbsp;&nbsp;&nbsp;	at org.testng.internal.MethodInvocationHelper.invokeMethod(MethodInvocationHelper.java:85)
<br>&nbsp;&nbsp;&nbsp;&nbsp;	at org.testng.internal.Invoker.invokeMethod(Invoker.java:639)
<br>&nbsp;&nbsp;&nbsp;&nbsp;	at org.testng.internal.Invoker.invokeTestMethod(Invoker.java:816)
<br>&nbsp;&nbsp;&nbsp;&nbsp;	at org.testng.internal.Invoker.invokeTestMethods(Invoker.java:1124)
<br>&nbsp;&nbsp;&nbsp;&nbsp;	at org.testng.internal.TestMethodWorker.invokeTestMethods(TestMethodWorker.java:125)
<br>&nbsp;&nbsp;&nbsp;&nbsp;	at org.testng.internal.TestMethodWorker.run(TestMethodWorker.java:108)
<br>&nbsp;&nbsp;&nbsp;&nbsp;	at java.util.concurrent.ThreadPoolExecutor.runWorker(ThreadPoolExecutor.java:1149)
<br>&nbsp;&nbsp;&nbsp;&nbsp;	at java.util.concurrent.ThreadPoolExecutor$Worker.run(ThreadPoolExecutor.java:624)
<br>&nbsp;&nbsp;&nbsp;&nbsp;	at java.lang.Thread.run(Thread.java:748)
</td></tr>
<!DOCTYPE HTML PUBLIC "-//W3C//DTD HTML 4.01 Transitional//EN" "http://www.w3.org/TR/html4/loose.dtd">
<html>
<head>
<title>Execution Log</title>
<style type="text/css">
<!--
body, table {font-family: arial,sans-serif; font-size: x-small;}
th {background: #336699; color: #FFFFFF; text-align: left;}
-->
</style>
</head>
<body bgcolor="#FFFFFF" topmargin="6" leftmargin="6">
<hr size="1" noshade>
Log session start time Tue May 12 14:38:23 IST 2020<br>
<br>
<table cellspacing="0" cellpadding="4" border="1" bordercolor="#224466" width="100%">
<tr>
<th>Time</th>
<th>Thread</th>
<th>Level</th>
<th>Category</th>
<th>Message</th>
</tr>

<tr>
<td>0</td>
<td title="PetstoreAPITest_testPetstoreFindByID thread">PetstoreAPITest_testPetstoreFindByID</td>
<td title="Level">INFO</td>
<td title="supportFiles.TestListener category">supportFiles.TestListener</td>
<td title="Message">Test [testPetstoreFindByID] has started</td>
</tr>

<tr>
<td>7535</td>
<td title="PetstoreAPITest_testPetstoreFindByID thread">PetstoreAPITest_testPetstoreFindByID</td>
<td title="Level"><font color="#993300"><strong>FATAL</strong></font></td>
<td title="PetstoreAPITest category">PetstoreAPITest</td>
<td title="Message">java.net.ConnectException: Connection refused: connect</td>
</tr>

<tr>
<td>7536</td>
<td title="PetstoreAPITest_testPetstoreFindByID thread">PetstoreAPITest_testPetstoreFindByID</td>
<td title="Level"><font color="#993300"><strong>FATAL</strong></font></td>
<td title="PetstoreAPITest category">PetstoreAPITest</td>
<td title="Message">java.net.ConnectException: Connection refused: connect</td>
</tr>

<tr>
<td>7575</td>
<td title="PetstoreAPITest_testPetstoreFindByID thread">PetstoreAPITest_testPetstoreFindByID</td>
<td title="Level"><font color="#993300"><strong>FATAL</strong></font></td>
<td title="supportFiles.TestListener category">supportFiles.TestListener</td>
<td title="Message">Test [testPetstoreFindByID] has failed</td>
</tr>
<tr><td bgcolor="#993300" style="color:White; font-size : xx-small;" colspan="6">java.lang.AssertionError: Connection refused: connect
<br>&nbsp;&nbsp;&nbsp;&nbsp;	at org.testng.Assert.fail(Assert.java:94)
<br>&nbsp;&nbsp;&nbsp;&nbsp;	at supportFiles.LOG.report_ERROR(LOG.java:111)
<br>&nbsp;&nbsp;&nbsp;&nbsp;	at testFiles.PetstoreAPITest.testPetstoreFindByID(PetstoreAPITest.java:150)
<br>&nbsp;&nbsp;&nbsp;&nbsp;	at sun.reflect.NativeMethodAccessorImpl.invoke0(Native Method)
<br>&nbsp;&nbsp;&nbsp;&nbsp;	at sun.reflect.NativeMethodAccessorImpl.invoke(NativeMethodAccessorImpl.java:62)
<br>&nbsp;&nbsp;&nbsp;&nbsp;	at sun.reflect.DelegatingMethodAccessorImpl.invoke(DelegatingMethodAccessorImpl.java:43)
<br>&nbsp;&nbsp;&nbsp;&nbsp;	at java.lang.reflect.Method.invoke(Method.java:498)
<br>&nbsp;&nbsp;&nbsp;&nbsp;	at org.testng.internal.MethodInvocationHelper.invokeMethod(MethodInvocationHelper.java:85)
<br>&nbsp;&nbsp;&nbsp;&nbsp;	at org.testng.internal.Invoker.invokeMethod(Invoker.java:639)
<br>&nbsp;&nbsp;&nbsp;&nbsp;	at org.testng.internal.Invoker.invokeTestMethod(Invoker.java:816)
<br>&nbsp;&nbsp;&nbsp;&nbsp;	at org.testng.internal.Invoker.invokeTestMethods(Invoker.java:1124)
<br>&nbsp;&nbsp;&nbsp;&nbsp;	at org.testng.internal.TestMethodWorker.invokeTestMethods(TestMethodWorker.java:125)
<br>&nbsp;&nbsp;&nbsp;&nbsp;	at org.testng.internal.TestMethodWorker.run(TestMethodWorker.java:108)
<br>&nbsp;&nbsp;&nbsp;&nbsp;	at java.util.concurrent.ThreadPoolExecutor.runWorker(ThreadPoolExecutor.java:1149)
<br>&nbsp;&nbsp;&nbsp;&nbsp;	at java.util.concurrent.ThreadPoolExecutor$Worker.run(ThreadPoolExecutor.java:624)
<br>&nbsp;&nbsp;&nbsp;&nbsp;	at java.lang.Thread.run(Thread.java:748)
</td></tr>
<!DOCTYPE HTML PUBLIC "-//W3C//DTD HTML 4.01 Transitional//EN" "http://www.w3.org/TR/html4/loose.dtd">
<html>
<head>
<title>Execution Log</title>
<style type="text/css">
<!--
body, table {font-family: arial,sans-serif; font-size: x-small;}
th {background: #336699; color: #FFFFFF; text-align: left;}
-->
</style>
</head>
<body bgcolor="#FFFFFF" topmargin="6" leftmargin="6">
<hr size="1" noshade>
Log session start time Tue May 12 14:42:03 IST 2020<br>
<br>
<table cellspacing="0" cellpadding="4" border="1" bordercolor="#224466" width="100%">
<tr>
<th>Time</th>
<th>Thread</th>
<th>Level</th>
<th>Category</th>
<th>Message</th>
</tr>

<tr>
<td>0</td>
<td title="PetstoreAPITest_testPetstoreFindByID thread">PetstoreAPITest_testPetstoreFindByID</td>
<td title="Level">INFO</td>
<td title="supportFiles.TestListener category">supportFiles.TestListener</td>
<td title="Message">Test [testPetstoreFindByID] has started</td>
</tr>

<tr>
<td>7768</td>
<td title="PetstoreAPITest_testPetstoreFindByID thread">PetstoreAPITest_testPetstoreFindByID</td>
<td title="Level"><font color="#993300"><strong>FATAL</strong></font></td>
<td title="PetstoreAPITest category">PetstoreAPITest</td>
<td title="Message">java.net.ConnectException: Connection refused: connect</td>
</tr>

<tr>
<td>7769</td>
<td title="PetstoreAPITest_testPetstoreFindByID thread">PetstoreAPITest_testPetstoreFindByID</td>
<td title="Level"><font color="#993300"><strong>FATAL</strong></font></td>
<td title="PetstoreAPITest category">PetstoreAPITest</td>
<td title="Message">java.net.ConnectException: Connection refused: connect</td>
</tr>

<tr>
<td>7801</td>
<td title="PetstoreAPITest_testPetstoreFindByID thread">PetstoreAPITest_testPetstoreFindByID</td>
<td title="Level"><font color="#993300"><strong>FATAL</strong></font></td>
<td title="supportFiles.TestListener category">supportFiles.TestListener</td>
<td title="Message">Test [testPetstoreFindByID] has failed</td>
</tr>
<tr><td bgcolor="#993300" style="color:White; font-size : xx-small;" colspan="6">java.lang.AssertionError: Connection refused: connect
<br>&nbsp;&nbsp;&nbsp;&nbsp;	at org.testng.Assert.fail(Assert.java:94)
<br>&nbsp;&nbsp;&nbsp;&nbsp;	at supportFiles.LOG.report_ERROR(LOG.java:111)
<br>&nbsp;&nbsp;&nbsp;&nbsp;	at testFiles.PetstoreAPITest.testPetstoreFindByID(PetstoreAPITest.java:150)
<br>&nbsp;&nbsp;&nbsp;&nbsp;	at sun.reflect.NativeMethodAccessorImpl.invoke0(Native Method)
<br>&nbsp;&nbsp;&nbsp;&nbsp;	at sun.reflect.NativeMethodAccessorImpl.invoke(NativeMethodAccessorImpl.java:62)
<br>&nbsp;&nbsp;&nbsp;&nbsp;	at sun.reflect.DelegatingMethodAccessorImpl.invoke(DelegatingMethodAccessorImpl.java:43)
<br>&nbsp;&nbsp;&nbsp;&nbsp;	at java.lang.reflect.Method.invoke(Method.java:498)
<br>&nbsp;&nbsp;&nbsp;&nbsp;	at org.testng.internal.MethodInvocationHelper.invokeMethod(MethodInvocationHelper.java:85)
<br>&nbsp;&nbsp;&nbsp;&nbsp;	at org.testng.internal.Invoker.invokeMethod(Invoker.java:639)
<br>&nbsp;&nbsp;&nbsp;&nbsp;	at org.testng.internal.Invoker.invokeTestMethod(Invoker.java:816)
<br>&nbsp;&nbsp;&nbsp;&nbsp;	at org.testng.internal.Invoker.invokeTestMethods(Invoker.java:1124)
<br>&nbsp;&nbsp;&nbsp;&nbsp;	at org.testng.internal.TestMethodWorker.invokeTestMethods(TestMethodWorker.java:125)
<br>&nbsp;&nbsp;&nbsp;&nbsp;	at org.testng.internal.TestMethodWorker.run(TestMethodWorker.java:108)
<br>&nbsp;&nbsp;&nbsp;&nbsp;	at java.util.concurrent.ThreadPoolExecutor.runWorker(ThreadPoolExecutor.java:1149)
<br>&nbsp;&nbsp;&nbsp;&nbsp;	at java.util.concurrent.ThreadPoolExecutor$Worker.run(ThreadPoolExecutor.java:624)
<br>&nbsp;&nbsp;&nbsp;&nbsp;	at java.lang.Thread.run(Thread.java:748)
</td></tr>
<!DOCTYPE HTML PUBLIC "-//W3C//DTD HTML 4.01 Transitional//EN" "http://www.w3.org/TR/html4/loose.dtd">
<html>
<head>
<title>Execution Log</title>
<style type="text/css">
<!--
body, table {font-family: arial,sans-serif; font-size: x-small;}
th {background: #336699; color: #FFFFFF; text-align: left;}
-->
</style>
</head>
<body bgcolor="#FFFFFF" topmargin="6" leftmargin="6">
<hr size="1" noshade>
Log session start time Tue May 12 14:44:31 IST 2020<br>
<br>
<table cellspacing="0" cellpadding="4" border="1" bordercolor="#224466" width="100%">
<tr>
<th>Time</th>
<th>Thread</th>
<th>Level</th>
<th>Category</th>
<th>Message</th>
</tr>

<tr>
<td>0</td>
<td title="PetstoreAPITest_testPetstoreFindByID thread">PetstoreAPITest_testPetstoreFindByID</td>
<td title="Level">INFO</td>
<td title="supportFiles.TestListener category">supportFiles.TestListener</td>
<td title="Message">Test [testPetstoreFindByID] has started</td>
</tr>

<tr>
<td>7592</td>
<td title="PetstoreAPITest_testPetstoreFindByID thread">PetstoreAPITest_testPetstoreFindByID</td>
<td title="Level"><font color="#993300"><strong>FATAL</strong></font></td>
<td title="PetstoreAPITest category">PetstoreAPITest</td>
<td title="Message">java.net.ConnectException: Connection refused: connect</td>
</tr>

<tr>
<td>7593</td>
<td title="PetstoreAPITest_testPetstoreFindByID thread">PetstoreAPITest_testPetstoreFindByID</td>
<td title="Level"><font color="#993300"><strong>FATAL</strong></font></td>
<td title="PetstoreAPITest category">PetstoreAPITest</td>
<td title="Message">java.net.ConnectException: Connection refused: connect</td>
</tr>

<tr>
<td>7630</td>
<td title="PetstoreAPITest_testPetstoreFindByID thread">PetstoreAPITest_testPetstoreFindByID</td>
<td title="Level"><font color="#993300"><strong>FATAL</strong></font></td>
<td title="supportFiles.TestListener category">supportFiles.TestListener</td>
<td title="Message">Test [testPetstoreFindByID] has failed</td>
</tr>
<tr><td bgcolor="#993300" style="color:White; font-size : xx-small;" colspan="6">java.lang.AssertionError: Connection refused: connect
<br>&nbsp;&nbsp;&nbsp;&nbsp;	at org.testng.Assert.fail(Assert.java:94)
<br>&nbsp;&nbsp;&nbsp;&nbsp;	at supportFiles.LOG.report_ERROR(LOG.java:111)
<br>&nbsp;&nbsp;&nbsp;&nbsp;	at testFiles.PetstoreAPITest.testPetstoreFindByID(PetstoreAPITest.java:150)
<br>&nbsp;&nbsp;&nbsp;&nbsp;	at sun.reflect.NativeMethodAccessorImpl.invoke0(Native Method)
<br>&nbsp;&nbsp;&nbsp;&nbsp;	at sun.reflect.NativeMethodAccessorImpl.invoke(NativeMethodAccessorImpl.java:62)
<br>&nbsp;&nbsp;&nbsp;&nbsp;	at sun.reflect.DelegatingMethodAccessorImpl.invoke(DelegatingMethodAccessorImpl.java:43)
<br>&nbsp;&nbsp;&nbsp;&nbsp;	at java.lang.reflect.Method.invoke(Method.java:498)
<br>&nbsp;&nbsp;&nbsp;&nbsp;	at org.testng.internal.MethodInvocationHelper.invokeMethod(MethodInvocationHelper.java:85)
<br>&nbsp;&nbsp;&nbsp;&nbsp;	at org.testng.internal.Invoker.invokeMethod(Invoker.java:639)
<br>&nbsp;&nbsp;&nbsp;&nbsp;	at org.testng.internal.Invoker.invokeTestMethod(Invoker.java:816)
<br>&nbsp;&nbsp;&nbsp;&nbsp;	at org.testng.internal.Invoker.invokeTestMethods(Invoker.java:1124)
<br>&nbsp;&nbsp;&nbsp;&nbsp;	at org.testng.internal.TestMethodWorker.invokeTestMethods(TestMethodWorker.java:125)
<br>&nbsp;&nbsp;&nbsp;&nbsp;	at org.testng.internal.TestMethodWorker.run(TestMethodWorker.java:108)
<br>&nbsp;&nbsp;&nbsp;&nbsp;	at java.util.concurrent.ThreadPoolExecutor.runWorker(ThreadPoolExecutor.java:1149)
<br>&nbsp;&nbsp;&nbsp;&nbsp;	at java.util.concurrent.ThreadPoolExecutor$Worker.run(ThreadPoolExecutor.java:624)
<br>&nbsp;&nbsp;&nbsp;&nbsp;	at java.lang.Thread.run(Thread.java:748)
</td></tr>
