2020-05-12 13:39:07,086 [PetstoreAPITest_testPetstoreAddPet] INFO supportFiles.TestListener - Test [testPetstoreAddPet] has started
2020-05-12 13:39:13,147 [PetstoreAPITest_testPetstoreAddPet] FATAL PetstoreAPITest - java.lang.NullPointerException
2020-05-12 13:39:13,153 [PetstoreAPITest_testPetstoreAddPet] FATAL PetstoreAPITest - java.lang.NullPointerException
2020-05-12 13:39:13,964 [PetstoreAPITest_testPetstoreAddPet] FATAL supportFiles.TestListener - Test [testPetstoreAddPet] has failed
java.lang.AssertionError: null
	at org.testng.Assert.fail(Assert.java:94)
	at supportFiles.LOG.report_ERROR(LOG.java:111)
	at supportFiles.TestListener.onTestFailure(TestListener.java:68)
	at org.testng.internal.Invoker.runTestListeners(Invoker.java:1686)
	at org.testng.internal.Invoker.runTestListeners(Invoker.java:1670)
	at org.testng.internal.Invoker.invokeMethod(Invoker.java:696)
	at org.testng.internal.Invoker.invokeTestMethod(Invoker.java:816)
	at org.testng.internal.Invoker.invokeTestMethods(Invoker.java:1124)
	at org.testng.internal.TestMethodWorker.invokeTestMethods(TestMethodWorker.java:125)
	at org.testng.internal.TestMethodWorker.run(TestMethodWorker.java:108)
	at java.util.concurrent.ThreadPoolExecutor.runWorker(ThreadPoolExecutor.java:1149)
	at java.util.concurrent.ThreadPoolExecutor$Worker.run(ThreadPoolExecutor.java:624)
	at java.lang.Thread.run(Thread.java:748)
2020-05-12 14:31:58,446 [PetstoreAPITest_testPetstoreAddPet] INFO supportFiles.TestListener - Test [testPetstoreAddPet] has started
2020-05-12 14:32:00,960 [PetstoreAPITest_testPetstoreAddPet] FATAL PetstoreAPITest - java.lang.NumberFormatException: For input string: "100.0"
2020-05-12 14:32:00,961 [PetstoreAPITest_testPetstoreAddPet] FATAL PetstoreAPITest - java.lang.NumberFormatException: For input string: "100.0"
2020-05-12 14:32:01,115 [PetstoreAPITest_testPetstoreAddPet] FATAL supportFiles.TestListener - Test [testPetstoreAddPet] has failed
java.lang.AssertionError: For input string: "100.0"
	at org.testng.Assert.fail(Assert.java:94)
	at supportFiles.LOG.report_ERROR(LOG.java:111)
	at testFiles.PetstoreAPITest.testPetstoreAddPet(PetstoreAPITest.java:63)
	at sun.reflect.NativeMethodAccessorImpl.invoke0(Native Method)
	at sun.reflect.NativeMethodAccessorImpl.invoke(NativeMethodAccessorImpl.java:62)
	at sun.reflect.DelegatingMethodAccessorImpl.invoke(DelegatingMethodAccessorImpl.java:43)
	at java.lang.reflect.Method.invoke(Method.java:498)
	at org.testng.internal.MethodInvocationHelper.invokeMethod(MethodInvocationHelper.java:85)
	at org.testng.internal.Invoker.invokeMethod(Invoker.java:639)
	at org.testng.internal.Invoker.invokeTestMethod(Invoker.java:816)
	at org.testng.internal.Invoker.invokeTestMethods(Invoker.java:1124)
	at org.testng.internal.TestMethodWorker.invokeTestMethods(TestMethodWorker.java:125)
	at org.testng.internal.TestMethodWorker.run(TestMethodWorker.java:108)
	at java.util.concurrent.ThreadPoolExecutor.runWorker(ThreadPoolExecutor.java:1149)
	at java.util.concurrent.ThreadPoolExecutor$Worker.run(ThreadPoolExecutor.java:624)
	at java.lang.Thread.run(Thread.java:748)
2020-05-12 14:32:01,176 [PetstoreAPITest_testPetstoreDeleteRecord] INFO supportFiles.TestListener - Test [testPetstoreDeleteRecord] has started
2020-05-12 14:32:01,316 [PetstoreAPITest_testPetstoreDeleteRecord] FATAL PetstoreAPITest - java.lang.NumberFormatException: For input string: "100.0"
2020-05-12 14:32:01,323 [PetstoreAPITest_testPetstoreDeleteRecord] FATAL PetstoreAPITest - java.lang.NumberFormatException: For input string: "100.0"
2020-05-12 14:32:01,350 [PetstoreAPITest_testPetstoreDeleteRecord] FATAL supportFiles.TestListener - Test [testPetstoreDeleteRecord] has failed
java.lang.AssertionError: For input string: "100.0"
	at org.testng.Assert.fail(Assert.java:94)
	at supportFiles.LOG.report_ERROR(LOG.java:111)
	at testFiles.PetstoreAPITest.testPetstoreDeleteRecord(PetstoreAPITest.java:218)
	at sun.reflect.NativeMethodAccessorImpl.invoke0(Native Method)
	at sun.reflect.NativeMethodAccessorImpl.invoke(NativeMethodAccessorImpl.java:62)
	at sun.reflect.DelegatingMethodAccessorImpl.invoke(DelegatingMethodAccessorImpl.java:43)
	at java.lang.reflect.Method.invoke(Method.java:498)
	at org.testng.internal.MethodInvocationHelper.invokeMethod(MethodInvocationHelper.java:85)
	at org.testng.internal.Invoker.invokeMethod(Invoker.java:639)
	at org.testng.internal.Invoker.invokeTestMethod(Invoker.java:816)
	at org.testng.internal.Invoker.invokeTestMethods(Invoker.java:1124)
	at org.testng.internal.TestMethodWorker.invokeTestMethods(TestMethodWorker.java:125)
	at org.testng.internal.TestMethodWorker.run(TestMethodWorker.java:108)
	at java.util.concurrent.ThreadPoolExecutor.runWorker(ThreadPoolExecutor.java:1149)
	at java.util.concurrent.ThreadPoolExecutor$Worker.run(ThreadPoolExecutor.java:624)
	at java.lang.Thread.run(Thread.java:748)
2020-05-12 14:32:01,367 [PetstoreAPITest_testPetstoreFindByID] INFO supportFiles.TestListener - Test [testPetstoreFindByID] has started
2020-05-12 14:32:01,500 [PetstoreAPITest_testPetstoreFindByID] FATAL PetstoreAPITest - java.lang.NumberFormatException: For input string: "100.0"
2020-05-12 14:32:01,544 [PetstoreAPITest_testPetstoreFindByID] FATAL PetstoreAPITest - java.lang.NumberFormatException: For input string: "100.0"
2020-05-12 14:32:01,638 [PetstoreAPITest_testPetstoreFindByID] FATAL supportFiles.TestListener - Test [testPetstoreFindByID] has failed
java.lang.AssertionError: For input string: "100.0"
	at org.testng.Assert.fail(Assert.java:94)
	at supportFiles.LOG.report_ERROR(LOG.java:111)
	at testFiles.PetstoreAPITest.testPetstoreFindByID(PetstoreAPITest.java:150)
	at sun.reflect.NativeMethodAccessorImpl.invoke0(Native Method)
	at sun.reflect.NativeMethodAccessorImpl.invoke(NativeMethodAccessorImpl.java:62)
	at sun.reflect.DelegatingMethodAccessorImpl.invoke(DelegatingMethodAccessorImpl.java:43)
	at java.lang.reflect.Method.invoke(Method.java:498)
	at org.testng.internal.MethodInvocationHelper.invokeMethod(MethodInvocationHelper.java:85)
	at org.testng.internal.Invoker.invokeMethod(Invoker.java:639)
	at org.testng.internal.Invoker.invokeTestMethod(Invoker.java:816)
	at org.testng.internal.Invoker.invokeTestMethods(Invoker.java:1124)
	at org.testng.internal.TestMethodWorker.invokeTestMethods(TestMethodWorker.java:125)
	at org.testng.internal.TestMethodWorker.run(TestMethodWorker.java:108)
	at java.util.concurrent.ThreadPoolExecutor.runWorker(ThreadPoolExecutor.java:1149)
	at java.util.concurrent.ThreadPoolExecutor$Worker.run(ThreadPoolExecutor.java:624)
	at java.lang.Thread.run(Thread.java:748)
2020-05-12 14:32:01,667 [PetstoreAPITest_testPetstoreFindByStatus] INFO supportFiles.TestListener - Test [testPetstoreFindByStatus] has started
2020-05-12 14:32:01,749 [PetstoreAPITest_testPetstoreFindByStatus] FATAL PetstoreAPITest - java.lang.NumberFormatException: For input string: "available"
2020-05-12 14:32:01,752 [PetstoreAPITest_testPetstoreFindByStatus] FATAL PetstoreAPITest - java.lang.NumberFormatException: For input string: "available"
2020-05-12 14:32:01,790 [PetstoreAPITest_testPetstoreFindByStatus] FATAL supportFiles.TestListener - Test [testPetstoreFindByStatus] has failed
java.lang.AssertionError: For input string: "available"
	at org.testng.Assert.fail(Assert.java:94)
	at supportFiles.LOG.report_ERROR(LOG.java:111)
	at testFiles.PetstoreAPITest.testPetstoreFindByStatus(PetstoreAPITest.java:128)
	at sun.reflect.NativeMethodAccessorImpl.invoke0(Native Method)
	at sun.reflect.NativeMethodAccessorImpl.invoke(NativeMethodAccessorImpl.java:62)
	at sun.reflect.DelegatingMethodAccessorImpl.invoke(DelegatingMethodAccessorImpl.java:43)
	at java.lang.reflect.Method.invoke(Method.java:498)
	at org.testng.internal.MethodInvocationHelper.invokeMethod(MethodInvocationHelper.java:85)
	at org.testng.internal.Invoker.invokeMethod(Invoker.java:639)
	at org.testng.internal.Invoker.invokeTestMethod(Invoker.java:816)
	at org.testng.internal.Invoker.invokeTestMethods(Invoker.java:1124)
	at org.testng.internal.TestMethodWorker.invokeTestMethods(TestMethodWorker.java:125)
	at org.testng.internal.TestMethodWorker.run(TestMethodWorker.java:108)
	at java.util.concurrent.ThreadPoolExecutor.runWorker(ThreadPoolExecutor.java:1149)
	at java.util.concurrent.ThreadPoolExecutor$Worker.run(ThreadPoolExecutor.java:624)
	at java.lang.Thread.run(Thread.java:748)
2020-05-12 14:32:01,899 [PetstoreAPITest_testPetstorePostUpdate] INFO supportFiles.TestListener - Test [testPetstorePostUpdate] has started
2020-05-12 14:32:02,073 [PetstoreAPITest_testPetstorePostUpdate] FATAL PetstoreAPITest - java.lang.NumberFormatException: For input string: "100.0"
2020-05-12 14:32:02,075 [PetstoreAPITest_testPetstorePostUpdate] FATAL PetstoreAPITest - java.lang.NumberFormatException: For input string: "100.0"
2020-05-12 14:32:02,145 [PetstoreAPITest_testPetstorePostUpdate] FATAL supportFiles.TestListener - Test [testPetstorePostUpdate] has failed
java.lang.AssertionError: For input string: "100.0"
	at org.testng.Assert.fail(Assert.java:94)
	at supportFiles.LOG.report_ERROR(LOG.java:111)
	at testFiles.PetstoreAPITest.testPetstorePostUpdate(PetstoreAPITest.java:193)
	at sun.reflect.NativeMethodAccessorImpl.invoke0(Native Method)
	at sun.reflect.NativeMethodAccessorImpl.invoke(NativeMethodAccessorImpl.java:62)
	at sun.reflect.DelegatingMethodAccessorImpl.invoke(DelegatingMethodAccessorImpl.java:43)
	at java.lang.reflect.Method.invoke(Method.java:498)
	at org.testng.internal.MethodInvocationHelper.invokeMethod(MethodInvocationHelper.java:85)
	at org.testng.internal.Invoker.invokeMethod(Invoker.java:639)
	at org.testng.internal.Invoker.invokeTestMethod(Invoker.java:816)
	at org.testng.internal.Invoker.invokeTestMethods(Invoker.java:1124)
	at org.testng.internal.TestMethodWorker.invokeTestMethods(TestMethodWorker.java:125)
	at org.testng.internal.TestMethodWorker.run(TestMethodWorker.java:108)
	at java.util.concurrent.ThreadPoolExecutor.runWorker(ThreadPoolExecutor.java:1149)
	at java.util.concurrent.ThreadPoolExecutor$Worker.run(ThreadPoolExecutor.java:624)
	at java.lang.Thread.run(Thread.java:748)
2020-05-12 14:32:02,192 [PetstoreAPITest_testPetstoreUpdatePet] INFO supportFiles.TestListener - Test [testPetstoreUpdatePet] has started
2020-05-12 14:32:02,273 [PetstoreAPITest_testPetstoreUpdatePet] FATAL PetstoreAPITest - java.lang.NumberFormatException: For input string: "100.0"
2020-05-12 14:32:02,274 [PetstoreAPITest_testPetstoreUpdatePet] FATAL PetstoreAPITest - java.lang.NumberFormatException: For input string: "100.0"
2020-05-12 14:32:02,324 [PetstoreAPITest_testPetstoreUpdatePet] FATAL supportFiles.TestListener - Test [testPetstoreUpdatePet] has failed
java.lang.AssertionError: For input string: "100.0"
	at org.testng.Assert.fail(Assert.java:94)
	at supportFiles.LOG.report_ERROR(LOG.java:111)
	at testFiles.PetstoreAPITest.testPetstoreUpdatePet(PetstoreAPITest.java:106)
	at sun.reflect.NativeMethodAccessorImpl.invoke0(Native Method)
	at sun.reflect.NativeMethodAccessorImpl.invoke(NativeMethodAccessorImpl.java:62)
	at sun.reflect.DelegatingMethodAccessorImpl.invoke(DelegatingMethodAccessorImpl.java:43)
	at java.lang.reflect.Method.invoke(Method.java:498)
	at org.testng.internal.MethodInvocationHelper.invokeMethod(MethodInvocationHelper.java:85)
	at org.testng.internal.Invoker.invokeMethod(Invoker.java:639)
	at org.testng.internal.Invoker.invokeTestMethod(Invoker.java:816)
	at org.testng.internal.Invoker.invokeTestMethods(Invoker.java:1124)
	at org.testng.internal.TestMethodWorker.invokeTestMethods(TestMethodWorker.java:125)
	at org.testng.internal.TestMethodWorker.run(TestMethodWorker.java:108)
	at java.util.concurrent.ThreadPoolExecutor.runWorker(ThreadPoolExecutor.java:1149)
	at java.util.concurrent.ThreadPoolExecutor$Worker.run(ThreadPoolExecutor.java:624)
	at java.lang.Thread.run(Thread.java:748)
2020-05-12 14:32:25,684 [PetstoreAPITest_testPetstoreAddPet] INFO supportFiles.TestListener - Test [testPetstoreAddPet] has started
2020-05-12 14:32:26,775 [PetstoreAPITest_testPetstoreAddPet] FATAL PetstoreAPITest - java.lang.NumberFormatException: For input string: "100.0"
2020-05-12 14:32:26,782 [PetstoreAPITest_testPetstoreAddPet] FATAL PetstoreAPITest - java.lang.NumberFormatException: For input string: "100.0"
2020-05-12 14:32:26,858 [PetstoreAPITest_testPetstoreAddPet] FATAL supportFiles.TestListener - Test [testPetstoreAddPet] has failed
java.lang.AssertionError: For input string: "100.0"
	at org.testng.Assert.fail(Assert.java:94)
	at supportFiles.LOG.report_ERROR(LOG.java:111)
	at testFiles.PetstoreAPITest.testPetstoreAddPet(PetstoreAPITest.java:63)
	at sun.reflect.NativeMethodAccessorImpl.invoke0(Native Method)
	at sun.reflect.NativeMethodAccessorImpl.invoke(NativeMethodAccessorImpl.java:62)
	at sun.reflect.DelegatingMethodAccessorImpl.invoke(DelegatingMethodAccessorImpl.java:43)
	at java.lang.reflect.Method.invoke(Method.java:498)
	at org.testng.internal.MethodInvocationHelper.invokeMethod(MethodInvocationHelper.java:85)
	at org.testng.internal.Invoker.invokeMethod(Invoker.java:639)
	at org.testng.internal.Invoker.invokeTestMethod(Invoker.java:816)
	at org.testng.internal.Invoker.invokeTestMethods(Invoker.java:1124)
	at org.testng.internal.TestMethodWorker.invokeTestMethods(TestMethodWorker.java:125)
	at org.testng.internal.TestMethodWorker.run(TestMethodWorker.java:108)
	at java.util.concurrent.ThreadPoolExecutor.runWorker(ThreadPoolExecutor.java:1149)
	at java.util.concurrent.ThreadPoolExecutor$Worker.run(ThreadPoolExecutor.java:624)
	at java.lang.Thread.run(Thread.java:748)
2020-05-12 14:32:26,868 [PetstoreAPITest_testPetstoreDeleteRecord] INFO supportFiles.TestListener - Test [testPetstoreDeleteRecord] has started
2020-05-12 14:32:26,997 [PetstoreAPITest_testPetstoreDeleteRecord] FATAL PetstoreAPITest - java.lang.NumberFormatException: For input string: "100.0"
2020-05-12 14:32:26,999 [PetstoreAPITest_testPetstoreDeleteRecord] FATAL PetstoreAPITest - java.lang.NumberFormatException: For input string: "100.0"
2020-05-12 14:32:27,004 [PetstoreAPITest_testPetstoreDeleteRecord] FATAL supportFiles.TestListener - Test [testPetstoreDeleteRecord] has failed
java.lang.AssertionError: For input string: "100.0"
	at org.testng.Assert.fail(Assert.java:94)
	at supportFiles.LOG.report_ERROR(LOG.java:111)
	at testFiles.PetstoreAPITest.testPetstoreDeleteRecord(PetstoreAPITest.java:218)
	at sun.reflect.NativeMethodAccessorImpl.invoke0(Native Method)
	at sun.reflect.NativeMethodAccessorImpl.invoke(NativeMethodAccessorImpl.java:62)
	at sun.reflect.DelegatingMethodAccessorImpl.invoke(DelegatingMethodAccessorImpl.java:43)
	at java.lang.reflect.Method.invoke(Method.java:498)
	at org.testng.internal.MethodInvocationHelper.invokeMethod(MethodInvocationHelper.java:85)
	at org.testng.internal.Invoker.invokeMethod(Invoker.java:639)
	at org.testng.internal.Invoker.invokeTestMethod(Invoker.java:816)
	at org.testng.internal.Invoker.invokeTestMethods(Invoker.java:1124)
	at org.testng.internal.TestMethodWorker.invokeTestMethods(TestMethodWorker.java:125)
	at org.testng.internal.TestMethodWorker.run(TestMethodWorker.java:108)
	at java.util.concurrent.ThreadPoolExecutor.runWorker(ThreadPoolExecutor.java:1149)
	at java.util.concurrent.ThreadPoolExecutor$Worker.run(ThreadPoolExecutor.java:624)
	at java.lang.Thread.run(Thread.java:748)
2020-05-12 14:32:27,007 [PetstoreAPITest_testPetstoreFindByID] INFO supportFiles.TestListener - Test [testPetstoreFindByID] has started
2020-05-12 14:32:27,179 [PetstoreAPITest_testPetstoreFindByID] FATAL PetstoreAPITest - java.lang.NumberFormatException: For input string: "100.0"
2020-05-12 14:32:27,204 [PetstoreAPITest_testPetstoreFindByID] FATAL PetstoreAPITest - java.lang.NumberFormatException: For input string: "100.0"
2020-05-12 14:32:27,432 [PetstoreAPITest_testPetstoreFindByID] FATAL supportFiles.TestListener - Test [testPetstoreFindByID] has failed
java.lang.AssertionError: For input string: "100.0"
	at org.testng.Assert.fail(Assert.java:94)
	at supportFiles.LOG.report_ERROR(LOG.java:111)
	at testFiles.PetstoreAPITest.testPetstoreFindByID(PetstoreAPITest.java:150)
	at sun.reflect.NativeMethodAccessorImpl.invoke0(Native Method)
	at sun.reflect.NativeMethodAccessorImpl.invoke(NativeMethodAccessorImpl.java:62)
	at sun.reflect.DelegatingMethodAccessorImpl.invoke(DelegatingMethodAccessorImpl.java:43)
	at java.lang.reflect.Method.invoke(Method.java:498)
	at org.testng.internal.MethodInvocationHelper.invokeMethod(MethodInvocationHelper.java:85)
	at org.testng.internal.Invoker.invokeMethod(Invoker.java:639)
	at org.testng.internal.Invoker.invokeTestMethod(Invoker.java:816)
	at org.testng.internal.Invoker.invokeTestMethods(Invoker.java:1124)
	at org.testng.internal.TestMethodWorker.invokeTestMethods(TestMethodWorker.java:125)
	at org.testng.internal.TestMethodWorker.run(TestMethodWorker.java:108)
	at java.util.concurrent.ThreadPoolExecutor.runWorker(ThreadPoolExecutor.java:1149)
	at java.util.concurrent.ThreadPoolExecutor$Worker.run(ThreadPoolExecutor.java:624)
	at java.lang.Thread.run(Thread.java:748)
2020-05-12 14:32:27,440 [PetstoreAPITest_testPetstoreFindByStatus] INFO supportFiles.TestListener - Test [testPetstoreFindByStatus] has started
2020-05-12 14:32:27,544 [PetstoreAPITest_testPetstoreFindByStatus] FATAL PetstoreAPITest - java.lang.NumberFormatException: For input string: "available"
2020-05-12 14:32:27,545 [PetstoreAPITest_testPetstoreFindByStatus] FATAL PetstoreAPITest - java.lang.NumberFormatException: For input string: "available"
2020-05-12 14:32:27,548 [PetstoreAPITest_testPetstoreFindByStatus] FATAL supportFiles.TestListener - Test [testPetstoreFindByStatus] has failed
java.lang.AssertionError: For input string: "available"
	at org.testng.Assert.fail(Assert.java:94)
	at supportFiles.LOG.report_ERROR(LOG.java:111)
	at testFiles.PetstoreAPITest.testPetstoreFindByStatus(PetstoreAPITest.java:128)
	at sun.reflect.NativeMethodAccessorImpl.invoke0(Native Method)
	at sun.reflect.NativeMethodAccessorImpl.invoke(NativeMethodAccessorImpl.java:62)
	at sun.reflect.DelegatingMethodAccessorImpl.invoke(DelegatingMethodAccessorImpl.java:43)
	at java.lang.reflect.Method.invoke(Method.java:498)
	at org.testng.internal.MethodInvocationHelper.invokeMethod(MethodInvocationHelper.java:85)
	at org.testng.internal.Invoker.invokeMethod(Invoker.java:639)
	at org.testng.internal.Invoker.invokeTestMethod(Invoker.java:816)
	at org.testng.internal.Invoker.invokeTestMethods(Invoker.java:1124)
	at org.testng.internal.TestMethodWorker.invokeTestMethods(TestMethodWorker.java:125)
	at org.testng.internal.TestMethodWorker.run(TestMethodWorker.java:108)
	at java.util.concurrent.ThreadPoolExecutor.runWorker(ThreadPoolExecutor.java:1149)
	at java.util.concurrent.ThreadPoolExecutor$Worker.run(ThreadPoolExecutor.java:624)
	at java.lang.Thread.run(Thread.java:748)
2020-05-12 14:32:27,552 [PetstoreAPITest_testPetstorePostUpdate] INFO supportFiles.TestListener - Test [testPetstorePostUpdate] has started
2020-05-12 14:32:27,632 [PetstoreAPITest_testPetstorePostUpdate] FATAL PetstoreAPITest - java.lang.NumberFormatException: For input string: "100.0"
2020-05-12 14:32:27,634 [PetstoreAPITest_testPetstorePostUpdate] FATAL PetstoreAPITest - java.lang.NumberFormatException: For input string: "100.0"
2020-05-12 14:32:27,665 [PetstoreAPITest_testPetstorePostUpdate] FATAL supportFiles.TestListener - Test [testPetstorePostUpdate] has failed
java.lang.AssertionError: For input string: "100.0"
	at org.testng.Assert.fail(Assert.java:94)
	at supportFiles.LOG.report_ERROR(LOG.java:111)
	at testFiles.PetstoreAPITest.testPetstorePostUpdate(PetstoreAPITest.java:193)
	at sun.reflect.NativeMethodAccessorImpl.invoke0(Native Method)
	at sun.reflect.NativeMethodAccessorImpl.invoke(NativeMethodAccessorImpl.java:62)
	at sun.reflect.DelegatingMethodAccessorImpl.invoke(DelegatingMethodAccessorImpl.java:43)
	at java.lang.reflect.Method.invoke(Method.java:498)
	at org.testng.internal.MethodInvocationHelper.invokeMethod(MethodInvocationHelper.java:85)
	at org.testng.internal.Invoker.invokeMethod(Invoker.java:639)
	at org.testng.internal.Invoker.invokeTestMethod(Invoker.java:816)
	at org.testng.internal.Invoker.invokeTestMethods(Invoker.java:1124)
	at org.testng.internal.TestMethodWorker.invokeTestMethods(TestMethodWorker.java:125)
	at org.testng.internal.TestMethodWorker.run(TestMethodWorker.java:108)
	at java.util.concurrent.ThreadPoolExecutor.runWorker(ThreadPoolExecutor.java:1149)
	at java.util.concurrent.ThreadPoolExecutor$Worker.run(ThreadPoolExecutor.java:624)
	at java.lang.Thread.run(Thread.java:748)
2020-05-12 14:32:27,667 [PetstoreAPITest_testPetstoreUpdatePet] INFO supportFiles.TestListener - Test [testPetstoreUpdatePet] has started
2020-05-12 14:32:27,894 [PetstoreAPITest_testPetstoreUpdatePet] FATAL PetstoreAPITest - java.lang.NumberFormatException: For input string: "100.0"
2020-05-12 14:32:27,916 [PetstoreAPITest_testPetstoreUpdatePet] FATAL PetstoreAPITest - java.lang.NumberFormatException: For input string: "100.0"
2020-05-12 14:32:27,919 [PetstoreAPITest_testPetstoreUpdatePet] FATAL supportFiles.TestListener - Test [testPetstoreUpdatePet] has failed
java.lang.AssertionError: For input string: "100.0"
	at org.testng.Assert.fail(Assert.java:94)
	at supportFiles.LOG.report_ERROR(LOG.java:111)
	at testFiles.PetstoreAPITest.testPetstoreUpdatePet(PetstoreAPITest.java:106)
	at sun.reflect.NativeMethodAccessorImpl.invoke0(Native Method)
	at sun.reflect.NativeMethodAccessorImpl.invoke(NativeMethodAccessorImpl.java:62)
	at sun.reflect.DelegatingMethodAccessorImpl.invoke(DelegatingMethodAccessorImpl.java:43)
	at java.lang.reflect.Method.invoke(Method.java:498)
	at org.testng.internal.MethodInvocationHelper.invokeMethod(MethodInvocationHelper.java:85)
	at org.testng.internal.Invoker.invokeMethod(Invoker.java:639)
	at org.testng.internal.Invoker.invokeTestMethod(Invoker.java:816)
	at org.testng.internal.Invoker.invokeTestMethods(Invoker.java:1124)
	at org.testng.internal.TestMethodWorker.invokeTestMethods(TestMethodWorker.java:125)
	at org.testng.internal.TestMethodWorker.run(TestMethodWorker.java:108)
	at java.util.concurrent.ThreadPoolExecutor.runWorker(ThreadPoolExecutor.java:1149)
	at java.util.concurrent.ThreadPoolExecutor$Worker.run(ThreadPoolExecutor.java:624)
	at java.lang.Thread.run(Thread.java:748)
2020-05-12 14:34:56,948 [PetstoreAPITest_testPetstoreAddPet] INFO supportFiles.TestListener - Test [testPetstoreAddPet] has started
2020-05-12 14:35:08,975 [PetstoreAPITest_testPetstoreAddPet] FATAL PetstoreAPITest - java.net.ConnectException: Connection refused: connect
2020-05-12 14:35:08,976 [PetstoreAPITest_testPetstoreAddPet] FATAL PetstoreAPITest - java.net.ConnectException: Connection refused: connect
2020-05-12 14:35:09,016 [PetstoreAPITest_testPetstoreAddPet] FATAL supportFiles.TestListener - Test [testPetstoreAddPet] has failed
java.lang.AssertionError: Connection refused: connect
	at org.testng.Assert.fail(Assert.java:94)
	at supportFiles.LOG.report_ERROR(LOG.java:111)
	at testFiles.PetstoreAPITest.testPetstoreAddPet(PetstoreAPITest.java:63)
	at sun.reflect.NativeMethodAccessorImpl.invoke0(Native Method)
	at sun.reflect.NativeMethodAccessorImpl.invoke(NativeMethodAccessorImpl.java:62)
	at sun.reflect.DelegatingMethodAccessorImpl.invoke(DelegatingMethodAccessorImpl.java:43)
	at java.lang.reflect.Method.invoke(Method.java:498)
	at org.testng.internal.MethodInvocationHelper.invokeMethod(MethodInvocationHelper.java:85)
	at org.testng.internal.Invoker.invokeMethod(Invoker.java:639)
	at org.testng.internal.Invoker.invokeTestMethod(Invoker.java:816)
	at org.testng.internal.Invoker.invokeTestMethods(Invoker.java:1124)
	at org.testng.internal.TestMethodWorker.invokeTestMethods(TestMethodWorker.java:125)
	at org.testng.internal.TestMethodWorker.run(TestMethodWorker.java:108)
	at java.util.concurrent.ThreadPoolExecutor.runWorker(ThreadPoolExecutor.java:1149)
	at java.util.concurrent.ThreadPoolExecutor$Worker.run(ThreadPoolExecutor.java:624)
	at java.lang.Thread.run(Thread.java:748)
2020-05-12 14:35:09,028 [PetstoreAPITest_testPetstoreDeleteRecord] INFO supportFiles.TestListener - Test [testPetstoreDeleteRecord] has started
2020-05-12 14:35:11,447 [PetstoreAPITest_testPetstoreDeleteRecord] FATAL PetstoreAPITest - Response Code: 405, Response Message: HTTP/1.1 405 Not Allowed
2020-05-12 14:35:11,450 [PetstoreAPITest_testPetstoreDeleteRecord] FATAL supportFiles.TestListener - Test [testPetstoreDeleteRecord] has failed
java.lang.AssertionError: Response Code: 405, Response Message: HTTP/1.1 405 Not Allowed
	at org.testng.Assert.fail(Assert.java:94)
	at supportFiles.LOG.report_FAIL(LOG.java:29)
	at testFiles.PetstoreAPITest.testPetstoreDeleteRecord(PetstoreAPITest.java:214)
	at sun.reflect.NativeMethodAccessorImpl.invoke0(Native Method)
	at sun.reflect.NativeMethodAccessorImpl.invoke(NativeMethodAccessorImpl.java:62)
	at sun.reflect.DelegatingMethodAccessorImpl.invoke(DelegatingMethodAccessorImpl.java:43)
	at java.lang.reflect.Method.invoke(Method.java:498)
	at org.testng.internal.MethodInvocationHelper.invokeMethod(MethodInvocationHelper.java:85)
	at org.testng.internal.Invoker.invokeMethod(Invoker.java:639)
	at org.testng.internal.Invoker.invokeTestMethod(Invoker.java:816)
	at org.testng.internal.Invoker.invokeTestMethods(Invoker.java:1124)
	at org.testng.internal.TestMethodWorker.invokeTestMethods(TestMethodWorker.java:125)
	at org.testng.internal.TestMethodWorker.run(TestMethodWorker.java:108)
	at java.util.concurrent.ThreadPoolExecutor.runWorker(ThreadPoolExecutor.java:1149)
	at java.util.concurrent.ThreadPoolExecutor$Worker.run(ThreadPoolExecutor.java:624)
	at java.lang.Thread.run(Thread.java:748)
2020-05-12 14:35:11,453 [PetstoreAPITest_testPetstoreFindByID] INFO supportFiles.TestListener - Test [testPetstoreFindByID] has started
2020-05-12 14:35:12,998 [PetstoreAPITest_testPetstoreFindByID] FATAL PetstoreAPITest - Response Code: 404, Response Message: HTTP/1.1 404 Not Found
2020-05-12 14:35:13,002 [PetstoreAPITest_testPetstoreFindByID] FATAL supportFiles.TestListener - Test [testPetstoreFindByID] has failed
java.lang.AssertionError: Response Code: 404, Response Message: HTTP/1.1 404 Not Found
	at org.testng.Assert.fail(Assert.java:94)
	at supportFiles.LOG.report_FAIL(LOG.java:29)
	at testFiles.PetstoreAPITest.testPetstoreFindByID(PetstoreAPITest.java:146)
	at sun.reflect.NativeMethodAccessorImpl.invoke0(Native Method)
	at sun.reflect.NativeMethodAccessorImpl.invoke(NativeMethodAccessorImpl.java:62)
	at sun.reflect.DelegatingMethodAccessorImpl.invoke(DelegatingMethodAccessorImpl.java:43)
	at java.lang.reflect.Method.invoke(Method.java:498)
	at org.testng.internal.MethodInvocationHelper.invokeMethod(MethodInvocationHelper.java:85)
	at org.testng.internal.Invoker.invokeMethod(Invoker.java:639)
	at org.testng.internal.Invoker.invokeTestMethod(Invoker.java:816)
	at org.testng.internal.Invoker.invokeTestMethods(Invoker.java:1124)
	at org.testng.internal.TestMethodWorker.invokeTestMethods(TestMethodWorker.java:125)
	at org.testng.internal.TestMethodWorker.run(TestMethodWorker.java:108)
	at java.util.concurrent.ThreadPoolExecutor.runWorker(ThreadPoolExecutor.java:1149)
	at java.util.concurrent.ThreadPoolExecutor$Worker.run(ThreadPoolExecutor.java:624)
	at java.lang.Thread.run(Thread.java:748)
2020-05-12 14:35:13,005 [PetstoreAPITest_testPetstoreFindByStatus] INFO supportFiles.TestListener - Test [testPetstoreFindByStatus] has started
2020-05-12 14:35:13,183 [PetstoreAPITest_testPetstoreFindByStatus] FATAL PetstoreAPITest - java.lang.NumberFormatException: For input string: "available"
2020-05-12 14:35:13,184 [PetstoreAPITest_testPetstoreFindByStatus] FATAL PetstoreAPITest - java.lang.NumberFormatException: For input string: "available"
2020-05-12 14:35:13,188 [PetstoreAPITest_testPetstoreFindByStatus] FATAL supportFiles.TestListener - Test [testPetstoreFindByStatus] has failed
java.lang.AssertionError: For input string: "available"
	at org.testng.Assert.fail(Assert.java:94)
	at supportFiles.LOG.report_ERROR(LOG.java:111)
	at testFiles.PetstoreAPITest.testPetstoreFindByStatus(PetstoreAPITest.java:128)
	at sun.reflect.NativeMethodAccessorImpl.invoke0(Native Method)
	at sun.reflect.NativeMethodAccessorImpl.invoke(NativeMethodAccessorImpl.java:62)
	at sun.reflect.DelegatingMethodAccessorImpl.invoke(DelegatingMethodAccessorImpl.java:43)
	at java.lang.reflect.Method.invoke(Method.java:498)
	at org.testng.internal.MethodInvocationHelper.invokeMethod(MethodInvocationHelper.java:85)
	at org.testng.internal.Invoker.invokeMethod(Invoker.java:639)
	at org.testng.internal.Invoker.invokeTestMethod(Invoker.java:816)
	at org.testng.internal.Invoker.invokeTestMethods(Invoker.java:1124)
	at org.testng.internal.TestMethodWorker.invokeTestMethods(TestMethodWorker.java:125)
	at org.testng.internal.TestMethodWorker.run(TestMethodWorker.java:108)
	at java.util.concurrent.ThreadPoolExecutor.runWorker(ThreadPoolExecutor.java:1149)
	at java.util.concurrent.ThreadPoolExecutor$Worker.run(ThreadPoolExecutor.java:624)
	at java.lang.Thread.run(Thread.java:748)
2020-05-12 14:35:13,190 [PetstoreAPITest_testPetstorePostUpdate] INFO supportFiles.TestListener - Test [testPetstorePostUpdate] has started
2020-05-12 14:35:14,813 [PetstoreAPITest_testPetstorePostUpdate] FATAL PetstoreAPITest - Response Code: 404, Response Message: HTTP/1.1 404 Not Found
2020-05-12 14:35:14,817 [PetstoreAPITest_testPetstorePostUpdate] FATAL supportFiles.TestListener - Test [testPetstorePostUpdate] has failed
java.lang.AssertionError: Response Code: 404, Response Message: HTTP/1.1 404 Not Found
	at org.testng.Assert.fail(Assert.java:94)
	at supportFiles.LOG.report_FAIL(LOG.java:29)
	at testFiles.PetstoreAPITest.testPetstorePostUpdate(PetstoreAPITest.java:189)
	at sun.reflect.NativeMethodAccessorImpl.invoke0(Native Method)
	at sun.reflect.NativeMethodAccessorImpl.invoke(NativeMethodAccessorImpl.java:62)
	at sun.reflect.DelegatingMethodAccessorImpl.invoke(DelegatingMethodAccessorImpl.java:43)
	at java.lang.reflect.Method.invoke(Method.java:498)
	at org.testng.internal.MethodInvocationHelper.invokeMethod(MethodInvocationHelper.java:85)
	at org.testng.internal.Invoker.invokeMethod(Invoker.java:639)
	at org.testng.internal.Invoker.invokeTestMethod(Invoker.java:816)
	at org.testng.internal.Invoker.invokeTestMethods(Invoker.java:1124)
	at org.testng.internal.TestMethodWorker.invokeTestMethods(TestMethodWorker.java:125)
	at org.testng.internal.TestMethodWorker.run(TestMethodWorker.java:108)
	at java.util.concurrent.ThreadPoolExecutor.runWorker(ThreadPoolExecutor.java:1149)
	at java.util.concurrent.ThreadPoolExecutor$Worker.run(ThreadPoolExecutor.java:624)
	at java.lang.Thread.run(Thread.java:748)
2020-05-12 14:35:14,820 [PetstoreAPITest_testPetstoreUpdatePet] INFO supportFiles.TestListener - Test [testPetstoreUpdatePet] has started
2020-05-12 14:35:16,428 [PetstoreAPITest_testPetstoreUpdatePet] FATAL PetstoreAPITest - Response Code: 405, Response Message: HTTP/1.1 405 Not Allowed
2020-05-12 14:35:16,431 [PetstoreAPITest_testPetstoreUpdatePet] FATAL supportFiles.TestListener - Test [testPetstoreUpdatePet] has failed
java.lang.AssertionError: Response Code: 405, Response Message: HTTP/1.1 405 Not Allowed
	at org.testng.Assert.fail(Assert.java:94)
	at supportFiles.LOG.report_FAIL(LOG.java:29)
	at testFiles.PetstoreAPITest.testPetstoreUpdatePet(PetstoreAPITest.java:102)
	at sun.reflect.NativeMethodAccessorImpl.invoke0(Native Method)
	at sun.reflect.NativeMethodAccessorImpl.invoke(NativeMethodAccessorImpl.java:62)
	at sun.reflect.DelegatingMethodAccessorImpl.invoke(DelegatingMethodAccessorImpl.java:43)
	at java.lang.reflect.Method.invoke(Method.java:498)
	at org.testng.internal.MethodInvocationHelper.invokeMethod(MethodInvocationHelper.java:85)
	at org.testng.internal.Invoker.invokeMethod(Invoker.java:639)
	at org.testng.internal.Invoker.invokeTestMethod(Invoker.java:816)
	at org.testng.internal.Invoker.invokeTestMethods(Invoker.java:1124)
	at org.testng.internal.TestMethodWorker.invokeTestMethods(TestMethodWorker.java:125)
	at org.testng.internal.TestMethodWorker.run(TestMethodWorker.java:108)
	at java.util.concurrent.ThreadPoolExecutor.runWorker(ThreadPoolExecutor.java:1149)
	at java.util.concurrent.ThreadPoolExecutor$Worker.run(ThreadPoolExecutor.java:624)
	at java.lang.Thread.run(Thread.java:748)
2020-05-12 14:38:25,044 [PetstoreAPITest_testPetstoreFindByID] INFO supportFiles.TestListener - Test [testPetstoreFindByID] has started
2020-05-12 14:38:32,579 [PetstoreAPITest_testPetstoreFindByID] FATAL PetstoreAPITest - java.net.ConnectException: Connection refused: connect
2020-05-12 14:38:32,580 [PetstoreAPITest_testPetstoreFindByID] FATAL PetstoreAPITest - java.net.ConnectException: Connection refused: connect
2020-05-12 14:38:32,619 [PetstoreAPITest_testPetstoreFindByID] FATAL supportFiles.TestListener - Test [testPetstoreFindByID] has failed
java.lang.AssertionError: Connection refused: connect
	at org.testng.Assert.fail(Assert.java:94)
	at supportFiles.LOG.report_ERROR(LOG.java:111)
	at testFiles.PetstoreAPITest.testPetstoreFindByID(PetstoreAPITest.java:150)
	at sun.reflect.NativeMethodAccessorImpl.invoke0(Native Method)
	at sun.reflect.NativeMethodAccessorImpl.invoke(NativeMethodAccessorImpl.java:62)
	at sun.reflect.DelegatingMethodAccessorImpl.invoke(DelegatingMethodAccessorImpl.java:43)
	at java.lang.reflect.Method.invoke(Method.java:498)
	at org.testng.internal.MethodInvocationHelper.invokeMethod(MethodInvocationHelper.java:85)
	at org.testng.internal.Invoker.invokeMethod(Invoker.java:639)
	at org.testng.internal.Invoker.invokeTestMethod(Invoker.java:816)
	at org.testng.internal.Invoker.invokeTestMethods(Invoker.java:1124)
	at org.testng.internal.TestMethodWorker.invokeTestMethods(TestMethodWorker.java:125)
	at org.testng.internal.TestMethodWorker.run(TestMethodWorker.java:108)
	at java.util.concurrent.ThreadPoolExecutor.runWorker(ThreadPoolExecutor.java:1149)
	at java.util.concurrent.ThreadPoolExecutor$Worker.run(ThreadPoolExecutor.java:624)
	at java.lang.Thread.run(Thread.java:748)
2020-05-12 14:42:04,832 [PetstoreAPITest_testPetstoreFindByID] INFO supportFiles.TestListener - Test [testPetstoreFindByID] has started
2020-05-12 14:42:12,600 [PetstoreAPITest_testPetstoreFindByID] FATAL PetstoreAPITest - java.net.ConnectException: Connection refused: connect
2020-05-12 14:42:12,601 [PetstoreAPITest_testPetstoreFindByID] FATAL PetstoreAPITest - java.net.ConnectException: Connection refused: connect
2020-05-12 14:42:12,633 [PetstoreAPITest_testPetstoreFindByID] FATAL supportFiles.TestListener - Test [testPetstoreFindByID] has failed
java.lang.AssertionError: Connection refused: connect
	at org.testng.Assert.fail(Assert.java:94)
	at supportFiles.LOG.report_ERROR(LOG.java:111)
	at testFiles.PetstoreAPITest.testPetstoreFindByID(PetstoreAPITest.java:150)
	at sun.reflect.NativeMethodAccessorImpl.invoke0(Native Method)
	at sun.reflect.NativeMethodAccessorImpl.invoke(NativeMethodAccessorImpl.java:62)
	at sun.reflect.DelegatingMethodAccessorImpl.invoke(DelegatingMethodAccessorImpl.java:43)
	at java.lang.reflect.Method.invoke(Method.java:498)
	at org.testng.internal.MethodInvocationHelper.invokeMethod(MethodInvocationHelper.java:85)
	at org.testng.internal.Invoker.invokeMethod(Invoker.java:639)
	at org.testng.internal.Invoker.invokeTestMethod(Invoker.java:816)
	at org.testng.internal.Invoker.invokeTestMethods(Invoker.java:1124)
	at org.testng.internal.TestMethodWorker.invokeTestMethods(TestMethodWorker.java:125)
	at org.testng.internal.TestMethodWorker.run(TestMethodWorker.java:108)
	at java.util.concurrent.ThreadPoolExecutor.runWorker(ThreadPoolExecutor.java:1149)
	at java.util.concurrent.ThreadPoolExecutor$Worker.run(ThreadPoolExecutor.java:624)
	at java.lang.Thread.run(Thread.java:748)
2020-05-12 14:44:32,248 [PetstoreAPITest_testPetstoreFindByID] INFO supportFiles.TestListener - Test [testPetstoreFindByID] has started
2020-05-12 14:44:39,840 [PetstoreAPITest_testPetstoreFindByID] FATAL PetstoreAPITest - java.net.ConnectException: Connection refused: connect
2020-05-12 14:44:39,841 [PetstoreAPITest_testPetstoreFindByID] FATAL PetstoreAPITest - java.net.ConnectException: Connection refused: connect
2020-05-12 14:44:39,878 [PetstoreAPITest_testPetstoreFindByID] FATAL supportFiles.TestListener - Test [testPetstoreFindByID] has failed
java.lang.AssertionError: Connection refused: connect
	at org.testng.Assert.fail(Assert.java:94)
	at supportFiles.LOG.report_ERROR(LOG.java:111)
	at testFiles.PetstoreAPITest.testPetstoreFindByID(PetstoreAPITest.java:150)
	at sun.reflect.NativeMethodAccessorImpl.invoke0(Native Method)
	at sun.reflect.NativeMethodAccessorImpl.invoke(NativeMethodAccessorImpl.java:62)
	at sun.reflect.DelegatingMethodAccessorImpl.invoke(DelegatingMethodAccessorImpl.java:43)
	at java.lang.reflect.Method.invoke(Method.java:498)
	at org.testng.internal.MethodInvocationHelper.invokeMethod(MethodInvocationHelper.java:85)
	at org.testng.internal.Invoker.invokeMethod(Invoker.java:639)
	at org.testng.internal.Invoker.invokeTestMethod(Invoker.java:816)
	at org.testng.internal.Invoker.invokeTestMethods(Invoker.java:1124)
	at org.testng.internal.TestMethodWorker.invokeTestMethods(TestMethodWorker.java:125)
	at org.testng.internal.TestMethodWorker.run(TestMethodWorker.java:108)
	at java.util.concurrent.ThreadPoolExecutor.runWorker(ThreadPoolExecutor.java:1149)
	at java.util.concurrent.ThreadPoolExecutor$Worker.run(ThreadPoolExecutor.java:624)
	at java.lang.Thread.run(Thread.java:748)
